TID: [-1] [] [2017-12-04 08:45:13,121] DEBUG {org.apache.synapse.commons.jmx.ThreadingView} -  Thread state summary for PassthroughHttpServerWorker threads - Blocked: 0.0%, Unblocked: 100.0% {org.apache.synapse.commons.jmx.ThreadingView}
TID: [-1] [] [2017-12-04 08:45:13,168] DEBUG {org.apache.synapse.commons.jmx.ThreadingView} -  Thread state summary for PassthroughHttpServerWorker threads - Blocked: 0.0%, Unblocked: 100.0% {org.apache.synapse.commons.jmx.ThreadingView}
TID: [-1] [] [2017-12-04 08:46:13,119] DEBUG {org.apache.synapse.commons.jmx.ThreadingView} -  Thread state summary for PassthroughHttpServerWorker threads - Blocked: 0.0%, Unblocked: 100.0% {org.apache.synapse.commons.jmx.ThreadingView}
TID: [-1] [] [2017-12-04 08:46:13,170] DEBUG {org.apache.synapse.commons.jmx.ThreadingView} -  Thread state summary for PassthroughHttpServerWorker threads - Blocked: 0.0%, Unblocked: 100.0% {org.apache.synapse.commons.jmx.ThreadingView}
TID: [-1] [] [2017-12-04 08:47:13,121] DEBUG {org.apache.synapse.commons.jmx.ThreadingView} -  Thread state summary for PassthroughHttpServerWorker threads - Blocked: 0.0%, Unblocked: 100.0% {org.apache.synapse.commons.jmx.ThreadingView}
TID: [-1] [] [2017-12-04 08:47:13,171] DEBUG {org.apache.synapse.commons.jmx.ThreadingView} -  Thread state summary for PassthroughHttpServerWorker threads - Blocked: 0.0%, Unblocked: 100.0% {org.apache.synapse.commons.jmx.ThreadingView}
TID: [-1] [] [2017-12-04 08:48:13,120] DEBUG {org.apache.synapse.commons.jmx.ThreadingView} -  Thread state summary for PassthroughHttpServerWorker threads - Blocked: 0.0%, Unblocked: 100.0% {org.apache.synapse.commons.jmx.ThreadingView}
TID: [-1] [] [2017-12-04 08:48:13,171] DEBUG {org.apache.synapse.commons.jmx.ThreadingView} -  Thread state summary for PassthroughHttpServerWorker threads - Blocked: 0.0%, Unblocked: 100.0% {org.apache.synapse.commons.jmx.ThreadingView}
TID: [-1] [] [2017-12-04 08:49:13,121] DEBUG {org.apache.synapse.commons.jmx.ThreadingView} -  Thread state summary for PassthroughHttpServerWorker threads - Blocked: 0.0%, Unblocked: 100.0% {org.apache.synapse.commons.jmx.ThreadingView}
TID: [-1] [] [2017-12-04 08:49:13,172] DEBUG {org.apache.synapse.commons.jmx.ThreadingView} -  Thread state summary for PassthroughHttpServerWorker threads - Blocked: 0.0%, Unblocked: 100.0% {org.apache.synapse.commons.jmx.ThreadingView}
TID: [-1] [] [2017-12-04 08:50:13,120] DEBUG {org.apache.synapse.commons.jmx.ThreadingView} -  Thread state summary for PassthroughHttpServerWorker threads - Blocked: 0.0%, Unblocked: 100.0% {org.apache.synapse.commons.jmx.ThreadingView}
TID: [-1] [] [2017-12-04 08:50:13,170] DEBUG {org.apache.synapse.commons.jmx.ThreadingView} -  Thread state summary for PassthroughHttpServerWorker threads - Blocked: 0.0%, Unblocked: 100.0% {org.apache.synapse.commons.jmx.ThreadingView}
TID: [-1] [] [2017-12-04 08:51:13,118] DEBUG {org.apache.synapse.commons.jmx.ThreadingView} -  Thread state summary for PassthroughHttpServerWorker threads - Blocked: 0.0%, Unblocked: 100.0% {org.apache.synapse.commons.jmx.ThreadingView}
TID: [-1] [] [2017-12-04 08:51:13,168] DEBUG {org.apache.synapse.commons.jmx.ThreadingView} -  Thread state summary for PassthroughHttpServerWorker threads - Blocked: 0.0%, Unblocked: 100.0% {org.apache.synapse.commons.jmx.ThreadingView}
TID: [-1] [] [2017-12-04 08:52:13,119] DEBUG {org.apache.synapse.commons.jmx.ThreadingView} -  Thread state summary for PassthroughHttpServerWorker threads - Blocked: 0.0%, Unblocked: 100.0% {org.apache.synapse.commons.jmx.ThreadingView}
TID: [-1] [] [2017-12-04 08:52:13,170] DEBUG {org.apache.synapse.commons.jmx.ThreadingView} -  Thread state summary for PassthroughHttpServerWorker threads - Blocked: 0.0%, Unblocked: 100.0% {org.apache.synapse.commons.jmx.ThreadingView}
TID: [-1] [] [2017-12-04 08:53:13,117] DEBUG {org.apache.synapse.commons.jmx.ThreadingView} -  Thread state summary for PassthroughHttpServerWorker threads - Blocked: 0.0%, Unblocked: 100.0% {org.apache.synapse.commons.jmx.ThreadingView}
TID: [-1] [] [2017-12-04 08:53:13,168] DEBUG {org.apache.synapse.commons.jmx.ThreadingView} -  Thread state summary for PassthroughHttpServerWorker threads - Blocked: 0.0%, Unblocked: 100.0% {org.apache.synapse.commons.jmx.ThreadingView}
TID: [-1] [] [2017-12-04 08:54:13,119] DEBUG {org.apache.synapse.commons.jmx.ThreadingView} -  Thread state summary for PassthroughHttpServerWorker threads - Blocked: 0.0%, Unblocked: 100.0% {org.apache.synapse.commons.jmx.ThreadingView}
TID: [-1] [] [2017-12-04 08:54:13,171] DEBUG {org.apache.synapse.commons.jmx.ThreadingView} -  Thread state summary for PassthroughHttpServerWorker threads - Blocked: 0.0%, Unblocked: 100.0% {org.apache.synapse.commons.jmx.ThreadingView}
TID: [-1] [] [2017-12-04 08:55:13,121] DEBUG {org.apache.synapse.commons.jmx.ThreadingView} -  Thread state summary for PassthroughHttpServerWorker threads - Blocked: 0.0%, Unblocked: 100.0% {org.apache.synapse.commons.jmx.ThreadingView}
TID: [-1] [] [2017-12-04 08:55:13,171] DEBUG {org.apache.synapse.commons.jmx.ThreadingView} -  Thread state summary for PassthroughHttpServerWorker threads - Blocked: 0.0%, Unblocked: 100.0% {org.apache.synapse.commons.jmx.ThreadingView}
TID: [-1] [] [2017-12-04 08:56:13,117] DEBUG {org.apache.synapse.commons.jmx.ThreadingView} -  Thread state summary for PassthroughHttpServerWorker threads - Blocked: 0.0%, Unblocked: 100.0% {org.apache.synapse.commons.jmx.ThreadingView}
TID: [-1] [] [2017-12-04 08:56:13,168] DEBUG {org.apache.synapse.commons.jmx.ThreadingView} -  Thread state summary for PassthroughHttpServerWorker threads - Blocked: 0.0%, Unblocked: 100.0% {org.apache.synapse.commons.jmx.ThreadingView}
TID: [-1] [] [2017-12-04 08:57:13,117] DEBUG {org.apache.synapse.commons.jmx.ThreadingView} -  Thread state summary for PassthroughHttpServerWorker threads - Blocked: 0.0%, Unblocked: 100.0% {org.apache.synapse.commons.jmx.ThreadingView}
TID: [-1] [] [2017-12-04 08:57:13,171] DEBUG {org.apache.synapse.commons.jmx.ThreadingView} -  Thread state summary for PassthroughHttpServerWorker threads - Blocked: 0.0%, Unblocked: 100.0% {org.apache.synapse.commons.jmx.ThreadingView}
TID: [-1] [] [2017-12-04 08:58:13,116] DEBUG {org.apache.synapse.commons.jmx.ThreadingView} -  Thread state summary for PassthroughHttpServerWorker threads - Blocked: 0.0%, Unblocked: 100.0% {org.apache.synapse.commons.jmx.ThreadingView}
TID: [-1] [] [2017-12-04 08:58:13,167] DEBUG {org.apache.synapse.commons.jmx.ThreadingView} -  Thread state summary for PassthroughHttpServerWorker threads - Blocked: 0.0%, Unblocked: 100.0% {org.apache.synapse.commons.jmx.ThreadingView}
TID: [-1] [] [2017-12-04 08:59:13,119] DEBUG {org.apache.synapse.commons.jmx.ThreadingView} -  Thread state summary for PassthroughHttpServerWorker threads - Blocked: 0.0%, Unblocked: 100.0% {org.apache.synapse.commons.jmx.ThreadingView}
TID: [-1] [] [2017-12-04 08:59:13,170] DEBUG {org.apache.synapse.commons.jmx.ThreadingView} -  Thread state summary for PassthroughHttpServerWorker threads - Blocked: 0.0%, Unblocked: 100.0% {org.apache.synapse.commons.jmx.ThreadingView}
TID: [-1] [] [2017-12-04 09:00:13,119] DEBUG {org.apache.synapse.commons.jmx.ThreadingView} -  Thread state summary for PassthroughHttpServerWorker threads - Blocked: 0.0%, Unblocked: 100.0% {org.apache.synapse.commons.jmx.ThreadingView}
TID: [-1] [] [2017-12-04 09:00:13,170] DEBUG {org.apache.synapse.commons.jmx.ThreadingView} -  Thread state summary for PassthroughHttpServerWorker threads - Blocked: 0.0%, Unblocked: 100.0% {org.apache.synapse.commons.jmx.ThreadingView}
TID: [-1] [] [2017-12-04 09:01:13,120] DEBUG {org.apache.synapse.commons.jmx.ThreadingView} -  Thread state summary for PassthroughHttpServerWorker threads - Blocked: 0.0%, Unblocked: 100.0% {org.apache.synapse.commons.jmx.ThreadingView}
TID: [-1] [] [2017-12-04 09:01:13,170] DEBUG {org.apache.synapse.commons.jmx.ThreadingView} -  Thread state summary for PassthroughHttpServerWorker threads - Blocked: 0.0%, Unblocked: 100.0% {org.apache.synapse.commons.jmx.ThreadingView}
TID: [-1234] [] [2017-12-04 09:01:33,872]  INFO {org.wso2.carbon.core.init.CarbonServerManager} -  Shutdown hook triggered.... {org.wso2.carbon.core.init.CarbonServerManager}
TID: [-1234] [] [2017-12-04 09:01:33,873]  INFO {org.wso2.carbon.core.init.CarbonServerManager} -  Gracefully shutting down WSO2 Enterprise Service Bus... {org.wso2.carbon.core.init.CarbonServerManager}
TID: [-1234] [] [2017-12-04 09:01:33,875]  INFO {org.wso2.carbon.core.ServerManagement} -  Starting to switch to maintenance mode... {org.wso2.carbon.core.ServerManagement}
TID: [-1234] [] [2017-12-04 09:01:33,875]  INFO {org.apache.synapse.transport.passthru.PassThroughHttpListener} -  Stopping Pass-through HTTP Listener.. {org.apache.synapse.transport.passthru.PassThroughHttpListener}
TID: [-1234] [] [2017-12-04 09:01:33,875]  INFO {org.apache.synapse.transport.passthru.core.PassThroughListeningIOReactorManager} -  Shutting down IO Reactor bind for port 8285 {org.apache.synapse.transport.passthru.core.PassThroughListeningIOReactorManager}
TID: [-1] [] [2017-12-04 09:01:33,877]  INFO {org.apache.synapse.transport.passthru.core.PassThroughListeningIOReactorManager} -  HTTP-Listener I/O dispatcher Listener shutdown. {org.apache.synapse.transport.passthru.core.PassThroughListeningIOReactorManager}
TID: [-1234] [] [2017-12-04 09:01:33,877]  INFO {org.apache.synapse.transport.passthru.PassThroughHttpSSLListener} -  Stopping Pass-through HTTPS Listener.. {org.apache.synapse.transport.passthru.PassThroughHttpSSLListener}
TID: [-1234] [] [2017-12-04 09:01:33,877]  INFO {org.apache.synapse.transport.passthru.core.PassThroughListeningIOReactorManager} -  Shutting down IO Reactor bind for port 8248 {org.apache.synapse.transport.passthru.core.PassThroughListeningIOReactorManager}
TID: [-1] [] [2017-12-04 09:01:33,878]  INFO {org.apache.synapse.transport.passthru.core.PassThroughListeningIOReactorManager} -  HTTPS-Listener I/O dispatcher Listener shutdown. {org.apache.synapse.transport.passthru.core.PassThroughListeningIOReactorManager}
TID: [-1234] [] [2017-12-04 09:01:33,878]  INFO {org.wso2.carbon.core.ServerManagement} -  Stopped all transport listeners {org.wso2.carbon.core.ServerManagement}
TID: [-1234] [] [2017-12-04 09:01:33,878]  INFO {org.wso2.carbon.core.ServerManagement} -  Waiting for request service completion... {org.wso2.carbon.core.ServerManagement}
TID: [-1234] [] [2017-12-04 09:01:33,881]  INFO {org.wso2.carbon.core.ServerManagement} -  All requests have been served. {org.wso2.carbon.core.ServerManagement}
TID: [-1234] [] [2017-12-04 09:01:33,881]  INFO {org.wso2.carbon.core.ServerManagement} -  Waiting for deployment completion... {org.wso2.carbon.core.ServerManagement}
TID: [-1234] [] [2017-12-04 09:01:33,882]  INFO {org.wso2.carbon.core.ServerManagement} -  All deployment tasks have been completed. {org.wso2.carbon.core.ServerManagement}
TID: [-1234] [] [2017-12-04 09:01:33,883]  INFO {org.wso2.carbon.core.ServerManagement} -  Waiting for server task completion... {org.wso2.carbon.core.ServerManagement}
TID: [-1234] [] [2017-12-04 09:01:33,899]  INFO {org.wso2.carbon.core.ServerManagement} -  All server tasks have been completed. {org.wso2.carbon.core.ServerManagement}
TID: [-1234] [] [2017-12-04 09:01:33,899]  INFO {org.wso2.carbon.core.init.CarbonServerManager} -  Shutting down WSO2 Enterprise Service Bus... {org.wso2.carbon.core.init.CarbonServerManager}
TID: [-1234] [] [2017-12-04 09:01:33,899]  INFO {org.wso2.carbon.core.init.CarbonServerManager} -  Shutting down OSGi framework... {org.wso2.carbon.core.init.CarbonServerManager}
TID: [-1234] [] [2017-12-04 09:01:33,956]  INFO {org.apache.synapse.task.SynapseTaskManager} -  Shutting down the task manager {org.apache.synapse.task.SynapseTaskManager}
TID: [-1234] [] [2017-12-04 09:01:33,967]  INFO {org.wso2.carbon.event.publisher.core.EventPublisherDeployer} -  Event Publisher undeployed successfully : MessageFlowStatisticsPublisher.xml {org.wso2.carbon.event.publisher.core.EventPublisherDeployer}
TID: [-1234] [] [2017-12-04 09:01:33,968]  INFO {org.wso2.carbon.event.publisher.core.EventPublisherDeployer} -  Event Publisher deployment held back and in inactive state : MessageFlowStatisticsPublisher.xml, waiting for Output Event Adapter dependency : wso2event {org.wso2.carbon.event.publisher.core.EventPublisherDeployer}
TID: [-1234] [] [2017-12-04 09:01:33,968]  INFO {org.wso2.carbon.event.publisher.core.internal.CarbonEventPublisherService} -  Event publisher : MessageFlowStatisticsPublisher  is in inactive state because dependency could not be found : wso2event {org.wso2.carbon.event.publisher.core.internal.CarbonEventPublisherService}
TID: [-1234] [] [2017-12-04 09:01:33,968]  INFO {org.wso2.carbon.event.publisher.core.EventPublisherDeployer} -  Event Publisher undeployed successfully : MessageFlowConfigurationPublisher.xml {org.wso2.carbon.event.publisher.core.EventPublisherDeployer}
TID: [-1234] [] [2017-12-04 09:01:33,968]  INFO {org.wso2.carbon.event.publisher.core.EventPublisherDeployer} -  Event Publisher deployment held back and in inactive state : MessageFlowConfigurationPublisher.xml, waiting for Output Event Adapter dependency : wso2event {org.wso2.carbon.event.publisher.core.EventPublisherDeployer}
TID: [-1234] [] [2017-12-04 09:01:33,969]  INFO {org.wso2.carbon.event.publisher.core.internal.CarbonEventPublisherService} -  Event publisher : MessageFlowConfigurationPublisher  is in inactive state because dependency could not be found : wso2event {org.wso2.carbon.event.publisher.core.internal.CarbonEventPublisherService}
TID: [-1234] [] [2017-12-04 09:01:34,008]  INFO {org.wso2.carbon.core.init.CarbonServerManager} -  Stopping CarbonServerManager... {org.wso2.carbon.core.init.CarbonServerManager}
TID: [-1] [] [2017-12-04 09:01:34,011]  INFO {org.apache.synapse.transport.passthru.PassThroughHttpSender} -  HTTP Sender shutdown {org.apache.synapse.transport.passthru.PassThroughHttpSender}
TID: [-1] [] [2017-12-04 09:01:34,018]  INFO {org.apache.synapse.transport.passthru.PassThroughHttpSSLSender} -  HTTPS Sender shutdown {org.apache.synapse.transport.passthru.PassThroughHttpSSLSender}
TID: [-1234] [] [2017-12-04 09:01:34,018]  INFO {org.apache.synapse.transport.passthru.PassThroughHttpListener} -  Destroying PassThroughHttpListener {org.apache.synapse.transport.passthru.PassThroughHttpListener}
TID: [-1234] [] [2017-12-04 09:01:34,018]  INFO {org.apache.synapse.transport.passthru.PassThroughHttpSSLListener} -  Destroying PassThroughHttpListener {org.apache.synapse.transport.passthru.PassThroughHttpSSLListener}
TID: [-1234] [] [2017-12-04 09:01:36,296]  INFO {org.wso2.carbon.tomcat.ext.internal.CarbonTomcatServiceComponent} -  Stopping the carbon web-app registered under : / {org.wso2.carbon.tomcat.ext.internal.CarbonTomcatServiceComponent}
TID: [-1234] [] [2017-12-04 09:01:36,332] DEBUG {org.apache.synapse.commons.throttle.core.internal.ThrottleServiceComponent} -  Deactivating throttle core service component {org.apache.synapse.commons.throttle.core.internal.ThrottleServiceComponent}
TID: [-1234] [] [2017-12-04 09:01:36,585]  INFO {org.wso2.carbon.core.init.CarbonServerManager} -  Shutdown complete {org.wso2.carbon.core.init.CarbonServerManager}
TID: [-1234] [] [2017-12-04 09:01:36,585]  INFO {org.wso2.carbon.core.init.CarbonServerManager} -  Halting JVM {org.wso2.carbon.core.init.CarbonServerManager}
