TID: [-1234] [] [2017-12-04 08:44:34,309]  INFO {org.wso2.andes.server.handler.ChannelCloseHandler} -  Received channel close for id 1 citing class 0 and method 0 {org.wso2.andes.server.handler.ChannelCloseHandler}
TID: [-1234] [] [2017-12-04 08:44:34,311]  INFO {org.wso2.andes.server.AMQChannel} -  No consumers to unsubscribe on channel [/127.0.0.1:35898(admin):1] {org.wso2.andes.server.AMQChannel}
TID: [-1234] [] [2017-12-04 08:44:34,311]  INFO {org.wso2.andes.kernel.FlowControlManager} -  Channel removed (ID: 127.0.0.1:35898) {org.wso2.andes.kernel.FlowControlManager}
TID: [-1234] [] [2017-12-04 08:44:34,313]  INFO {org.wso2.andes.server.handler.ConnectionCloseMethodHandler} -  ConnectionClose received with reply code/reply text 200/JMS client is closing the connection. for /127.0.0.1:35898(admin) {org.wso2.andes.server.handler.ConnectionCloseMethodHandler}
TID: [-1] [] [2017-12-04 08:48:11,403]  INFO {org.wso2.andes.kernel.AndesRecoveryTask} -  Running DB sync task. {org.wso2.andes.kernel.AndesRecoveryTask}
TID: [-1] [] [2017-12-04 09:01:38,436]  INFO {org.wso2.andes.subscription.SubscriptionEngine} -  Local Subscription DELETED [throttleData]ID=0@NODEbuddhimala-ThinkPad-X1-Carbon-5th/127.0.1.1/T=1512037005729/D=false/X=true/O=clientid/E=amq.topic/ET=org.wso2.andes.server.exchange.TopicExchange$1@675eaba5/EUD=0/S=false {org.wso2.andes.subscription.SubscriptionEngine}
TID: [-1] [] [2017-12-04 09:01:38,436]  INFO {org.wso2.andes.kernel.OrphanedMessageHandler} -  Purging messages of this node persisted under throttleData {org.wso2.andes.kernel.OrphanedMessageHandler}
TID: [-1] [] [2017-12-04 09:01:38,443]  INFO {org.wso2.andes.kernel.MessagingEngine} -  Purged messages of destination throttleData {org.wso2.andes.kernel.MessagingEngine}
TID: [-1234] [] [2017-12-04 09:01:38,529]  INFO {org.wso2.andes.server.handler.ChannelCloseHandler} -  Received channel close for id 1 citing class 0 and method 0 {org.wso2.andes.server.handler.ChannelCloseHandler}
TID: [-1234] [] [2017-12-04 09:01:38,529]  INFO {org.wso2.andes.server.AMQChannel} -  No consumers to unsubscribe on channel [/127.0.0.1:34528(admin):1] {org.wso2.andes.server.AMQChannel}
TID: [-1234] [] [2017-12-04 09:01:38,529]  INFO {org.wso2.andes.kernel.FlowControlManager} -  Channel removed (ID: 127.0.0.1:34528) {org.wso2.andes.kernel.FlowControlManager}
TID: [-1234] [] [2017-12-04 09:01:38,325]  INFO {org.wso2.andes.server.handler.ConnectionCloseMethodHandler} -  ConnectionClose received with reply code/reply text 200/JMS client is closing the connection. for /127.0.0.1:34528(admin) {org.wso2.andes.server.handler.ConnectionCloseMethodHandler}
TID: [-1234] [] [2017-12-04 09:01:41,092]  INFO {org.wso2.carbon.core.init.CarbonServerManager} -  Shutdown hook triggered.... {org.wso2.carbon.core.init.CarbonServerManager}
TID: [-1234] [] [2017-12-04 09:01:41,092]  INFO {org.wso2.carbon.core.init.CarbonServerManager} -  Gracefully shutting down WSO2 API Manager... {org.wso2.carbon.core.init.CarbonServerManager}
TID: [-1234] [] [2017-12-04 09:01:41,095]  INFO {org.wso2.carbon.core.ServerManagement} -  Starting to switch to maintenance mode... {org.wso2.carbon.core.ServerManagement}
TID: [-1234] [] [2017-12-04 09:01:41,095]  INFO {org.apache.synapse.transport.passthru.PassThroughHttpListener} -  Stopping Pass-through HTTP Listener.. {org.apache.synapse.transport.passthru.PassThroughHttpListener}
TID: [-1234] [] [2017-12-04 09:01:41,096]  INFO {org.apache.synapse.transport.passthru.core.PassThroughListeningIOReactorManager} -  Shutting down IO Reactor bind for port 8281 {org.apache.synapse.transport.passthru.core.PassThroughListeningIOReactorManager}
TID: [-1] [] [2017-12-04 09:01:41,097]  INFO {org.apache.synapse.transport.passthru.core.PassThroughListeningIOReactorManager} -  HTTP-Listener I/O dispatcher Listener shutdown. {org.apache.synapse.transport.passthru.core.PassThroughListeningIOReactorManager}
TID: [-1234] [] [2017-12-04 09:01:41,100]  INFO {org.apache.synapse.transport.passthru.PassThroughHttpSSLListener} -  Stopping Pass-through HTTPS Listener.. {org.apache.synapse.transport.passthru.PassThroughHttpSSLListener}
TID: [-1234] [] [2017-12-04 09:01:41,100]  INFO {org.apache.synapse.transport.passthru.core.PassThroughListeningIOReactorManager} -  Shutting down IO Reactor bind for port 8244 {org.apache.synapse.transport.passthru.core.PassThroughListeningIOReactorManager}
TID: [-1] [] [2017-12-04 09:01:41,101]  INFO {org.apache.synapse.transport.passthru.core.PassThroughListeningIOReactorManager} -  HTTPS-Listener I/O dispatcher Listener shutdown. {org.apache.synapse.transport.passthru.core.PassThroughListeningIOReactorManager}
TID: [-1234] [] [2017-12-04 09:01:41,101]  INFO {org.wso2.carbon.core.ServerManagement} -  Stopped all transport listeners {org.wso2.carbon.core.ServerManagement}
TID: [-1234] [] [2017-12-04 09:01:41,101]  INFO {org.wso2.carbon.core.ServerManagement} -  Waiting for request service completion... {org.wso2.carbon.core.ServerManagement}
TID: [-1234] [] [2017-12-04 09:01:41,107]  INFO {org.wso2.carbon.core.ServerManagement} -  All requests have been served. {org.wso2.carbon.core.ServerManagement}
TID: [-1234] [] [2017-12-04 09:01:41,107]  INFO {org.wso2.carbon.core.ServerManagement} -  Waiting for deployment completion... {org.wso2.carbon.core.ServerManagement}
TID: [-1234] [] [2017-12-04 09:01:41,198]  INFO {org.wso2.carbon.webapp.mgt.WebApplication} -  Unloaded webapp: StandardEngine[Catalina].StandardHost[localhost].StandardContext[/api/am/publisher/v0.11] {org.wso2.carbon.webapp.mgt.WebApplication}
TID: [-1234] [] [2017-12-04 09:01:41,296]  INFO {org.wso2.carbon.webapp.mgt.WebApplication} -  Unloaded webapp: StandardEngine[Catalina].StandardHost[localhost].StandardContext[/shindig] {org.wso2.carbon.webapp.mgt.WebApplication}
TID: [-1234] [] [2017-12-04 09:01:41,341]  INFO {org.wso2.carbon.webapp.mgt.WebApplication} -  Unloaded webapp: StandardEngine[Catalina].StandardHost[localhost].StandardContext[/api/am/store/v0.11] {org.wso2.carbon.webapp.mgt.WebApplication}
TID: [-1234] [] [2017-12-04 09:01:41,373]  INFO {org.wso2.carbon.webapp.mgt.WebApplication} -  Unloaded webapp: StandardEngine[Catalina].StandardHost[localhost].StandardContext[/oauth2] {org.wso2.carbon.webapp.mgt.WebApplication}
TID: [-1234] [] [2017-12-04 09:01:41,402]  INFO {org.wso2.carbon.webapp.mgt.WebApplication} -  Unloaded webapp: StandardEngine[Catalina].StandardHost[localhost].StandardContext[/am/sample/pizzashack/v1] {org.wso2.carbon.webapp.mgt.WebApplication}
TID: [-1234] [] [2017-12-04 09:01:41,450]  INFO {org.wso2.carbon.webapp.mgt.WebApplication} -  Unloaded webapp: StandardEngine[Catalina].StandardHost[localhost].StandardContext[/client-registration/v0.11] {org.wso2.carbon.webapp.mgt.WebApplication}
TID: [-1234] [] [2017-12-04 09:01:41,490]  INFO {org.wso2.carbon.webapp.mgt.WebApplication} -  Unloaded webapp: StandardEngine[Catalina].StandardHost[localhost].StandardContext[/throttle/data/v1] {org.wso2.carbon.webapp.mgt.WebApplication}
TID: [-1234] [] [2017-12-04 09:01:41,520]  INFO {org.wso2.carbon.webapp.mgt.WebApplication} -  Unloaded webapp: StandardEngine[Catalina].StandardHost[localhost].StandardContext[/am/sample/calculator/v1] {org.wso2.carbon.webapp.mgt.WebApplication}
TID: [-1234] [] [2017-12-04 09:01:41,553]  INFO {org.wso2.carbon.webapp.mgt.WebApplication} -  Unloaded webapp: StandardEngine[Catalina].StandardHost[localhost].StandardContext[/api/am/admin/v0.11] {org.wso2.carbon.webapp.mgt.WebApplication}
TID: [-1234] [] [2017-12-04 09:01:41,598]  INFO {org.wso2.carbon.webapp.mgt.WebApplication} -  Unloaded webapp: StandardEngine[Catalina].StandardHost[localhost].StandardContext[/authenticationendpoint] {org.wso2.carbon.webapp.mgt.WebApplication}
TID: [-1234] [] [2017-12-04 09:01:41,611]  INFO {org.wso2.carbon.webapp.mgt.WebApplication} -  Unloaded webapp: StandardEngine[Catalina].StandardHost[localhost].StandardContext[/publisher] {org.wso2.carbon.webapp.mgt.WebApplication}
TID: [-1234] [] [2017-12-04 09:01:41,624]  INFO {org.wso2.carbon.webapp.mgt.WebApplication} -  Unloaded webapp: StandardEngine[Catalina].StandardHost[localhost].StandardContext[/store] {org.wso2.carbon.webapp.mgt.WebApplication}
TID: [-1234] [] [2017-12-04 09:01:41,632]  INFO {org.wso2.carbon.webapp.mgt.WebApplication} -  Unloaded webapp: StandardEngine[Catalina].StandardHost[localhost].StandardContext[/portal] {org.wso2.carbon.webapp.mgt.WebApplication}
TID: [-1234] [] [2017-12-04 09:01:41,648]  INFO {org.wso2.carbon.webapp.mgt.WebApplication} -  Unloaded webapp: StandardEngine[Catalina].StandardHost[localhost].StandardContext[/admin] {org.wso2.carbon.webapp.mgt.WebApplication}
TID: [-1234] [] [2017-12-04 09:01:41,648]  INFO {org.wso2.carbon.core.ServerManagement} -  All deployment tasks have been completed. {org.wso2.carbon.core.ServerManagement}
TID: [-1234] [] [2017-12-04 09:01:41,648]  INFO {org.wso2.carbon.core.ServerManagement} -  Waiting for server task completion... {org.wso2.carbon.core.ServerManagement}
TID: [-1234] [] [2017-12-04 09:01:41,670]  INFO {org.wso2.andes.kernel.FlowControlManager} -  Prepare channels for shutdown. {org.wso2.andes.kernel.FlowControlManager}
TID: [-1234] [] [2017-12-04 09:01:41,671]  INFO {org.wso2.andes.kernel.MessagingEngine} -  Stopping SlotDelivery Worker. {org.wso2.andes.kernel.MessagingEngine}
TID: [-1] [] [2017-12-04 09:01:41,756]  INFO {org.wso2.andes.kernel.slot.SlotDeliveryWorker} -  SlotDeliveryWorker stopped. Thread name SlotDeliveryWorkerExecutor-0 with Thread Id : 289 {org.wso2.andes.kernel.slot.SlotDeliveryWorker}
TID: [-1234] [] [2017-12-04 09:01:41,773]  INFO {org.wso2.andes.kernel.slot.SlotMessageCounter} -  Stopping slot timeout task executor {org.wso2.andes.kernel.slot.SlotMessageCounter}
TID: [-1234] [] [2017-12-04 09:01:41,774]  INFO {org.wso2.andes.server.registry.ApplicationRegistry} -  Shutting down ApplicationRegistry(org.wso2.andes.server.registry.ConfigurationFileApplicationRegistry@19e4947f) {org.wso2.andes.server.registry.ApplicationRegistry}
TID: [-1234] [] [2017-12-04 09:01:41,774]  INFO {org.wso2.andes.server.registry.ApplicationRegistry} -  Shutting down ApplicationRegistry:org.wso2.andes.server.registry.ConfigurationFileApplicationRegistry@19e4947f {org.wso2.andes.server.registry.ApplicationRegistry}
TID: [-1234] [] [2017-12-04 09:01:41,777]  INFO {org.wso2.andes.server.security.auth.manager.PrincipalDatabaseAuthenticationManager} -  Unregistering UserManagementMBean {org.wso2.andes.server.security.auth.manager.PrincipalDatabaseAuthenticationManager}
TID: [-1234] [] [2017-12-04 09:01:41,778]  INFO {org.wso2.andes.server.cluster.ClusterManager} -  Clearing the Persisted State of Node with ID NODEbuddhimala-ThinkPad-X1-Carbon-5th/127.0.1.1 {org.wso2.andes.server.cluster.ClusterManager}
TID: [-1234] [] [2017-12-04 09:01:41,788]  INFO {org.wso2.andes.kernel.AndesKernelBoot} -  Stop syncing exchanges, queues, bindings and subscriptions... {org.wso2.andes.kernel.AndesKernelBoot}
TID: [-1234] [] [2017-12-04 09:01:41,789]  INFO {org.wso2.carbon.registry.core.internal.RegistryCoreServiceComponent} -  Writing logs  {org.wso2.carbon.registry.core.internal.RegistryCoreServiceComponent}
TID: [-1234] [] [2017-12-04 09:01:41,796]  INFO {org.wso2.carbon.core.ServerManagement} -  All server tasks have been completed. {org.wso2.carbon.core.ServerManagement}
TID: [-1234] [] [2017-12-04 09:01:41,796]  INFO {org.wso2.carbon.core.init.CarbonServerManager} -  Shutting down WSO2 API Manager... {org.wso2.carbon.core.init.CarbonServerManager}
TID: [-1234] [] [2017-12-04 09:01:41,797]  INFO {org.wso2.carbon.core.init.CarbonServerManager} -  Shutting down OSGi framework... {org.wso2.carbon.core.init.CarbonServerManager}
TID: [-1234] [] [2017-12-04 09:01:41,885]  INFO {org.apache.synapse.task.SynapseTaskManager} -  Shutting down the task manager {org.apache.synapse.task.SynapseTaskManager}
TID: [-1234] [] [2017-12-04 09:01:41,895]  INFO {org.wso2.carbon.databridge.receiver.binary.internal.BinaryDataReceiverServiceComponent} -  Binary Data Receiver server shutting down... {org.wso2.carbon.databridge.receiver.binary.internal.BinaryDataReceiverServiceComponent}
TID: [-1234] [] [2017-12-04 09:01:41,895]  INFO {org.wso2.carbon.databridge.receiver.binary.internal.BinaryDataReceiver} -  Stopping Binary Server.. {org.wso2.carbon.databridge.receiver.binary.internal.BinaryDataReceiver}
TID: [-1234] [] [2017-12-04 09:01:41,897]  INFO {org.wso2.carbon.databridge.receiver.thrift.internal.ThriftDataReceiverDS} -  Thrift server shutting down... {org.wso2.carbon.databridge.receiver.thrift.internal.ThriftDataReceiverDS}
TID: [-1234] [] [2017-12-04 09:01:41,918]  INFO {org.wso2.carbon.event.receiver.core.EventReceiverDeployer} -  Event Receiver undeployed successfully: throttleWSO2EventReceiver.xml {org.wso2.carbon.event.receiver.core.EventReceiverDeployer}
TID: [-1234] [] [2017-12-04 09:01:41,919]  INFO {org.wso2.carbon.event.receiver.core.EventReceiverDeployer} -  Event receiver deployment held back and in inactive state: throttleWSO2EventReceiver.xml, waiting for Input Event Adapter dependency: wso2event {org.wso2.carbon.event.receiver.core.EventReceiverDeployer}
TID: [-1234] [] [2017-12-04 09:01:41,919]  INFO {org.wso2.carbon.event.receiver.core.internal.CarbonEventReceiverService} -  Event receiver : throttleWSO2EventReceiver in inactive state because dependency could not be found: wso2event {org.wso2.carbon.event.receiver.core.internal.CarbonEventReceiverService}
TID: [-1234] [] [2017-12-04 09:01:41,927]  INFO {org.wso2.carbon.event.publisher.core.EventPublisherDeployer} -  Event Publisher undeployed successfully : jmsEventPublisher.xml {org.wso2.carbon.event.publisher.core.EventPublisherDeployer}
TID: [-1234] [] [2017-12-04 09:01:41,928]  INFO {org.wso2.carbon.event.publisher.core.EventPublisherDeployer} -  Event Publisher deployment held back and in inactive state : jmsEventPublisher.xml, waiting for Output Event Adapter dependency : jms {org.wso2.carbon.event.publisher.core.EventPublisherDeployer}
TID: [-1234] [] [2017-12-04 09:01:41,929]  INFO {org.wso2.carbon.event.publisher.core.internal.CarbonEventPublisherService} -  Event publisher : jmsEventPublisher  is in inactive state because dependency could not be found : jms {org.wso2.carbon.event.publisher.core.internal.CarbonEventPublisherService}
TID: [-1234] [] [2017-12-04 09:01:42,014]  INFO {org.wso2.carbon.event.processor.core.internal.CarbonEventProcessorService} -  Successfully shutdown ExecutionPlans {org.wso2.carbon.event.processor.core.internal.CarbonEventProcessorService}
TID: [-1234] [] [2017-12-04 09:01:42,018]  INFO {org.wso2.carbon.core.init.CarbonServerManager} -  Stopping CarbonServerManager... {org.wso2.carbon.core.init.CarbonServerManager}
TID: [-1] [] [2017-12-04 09:01:42,021]  INFO {org.apache.synapse.transport.passthru.PassThroughHttpSender} -  HTTP Sender shutdown {org.apache.synapse.transport.passthru.PassThroughHttpSender}
TID: [-1] [] [2017-12-04 09:01:42,022]  INFO {org.apache.synapse.transport.passthru.PassThroughHttpSSLSender} -  HTTPS Sender shutdown {org.apache.synapse.transport.passthru.PassThroughHttpSSLSender}
TID: [-1234] [] [2017-12-04 09:01:42,022]  INFO {org.wso2.carbon.websocket.transport.WebsocketTransportSender} -  WS Sender Shutdown {org.wso2.carbon.websocket.transport.WebsocketTransportSender}
TID: [-1234] [] [2017-12-04 09:01:42,022]  INFO {org.apache.synapse.transport.passthru.PassThroughHttpListener} -  Destroying PassThroughHttpListener {org.apache.synapse.transport.passthru.PassThroughHttpListener}
TID: [-1234] [] [2017-12-04 09:01:42,027]  INFO {org.apache.synapse.transport.passthru.PassThroughHttpSSLListener} -  Destroying PassThroughHttpListener {org.apache.synapse.transport.passthru.PassThroughHttpSSLListener}
TID: [-1234] [] [2017-12-04 09:01:44,344]  INFO {org.wso2.carbon.tomcat.ext.internal.CarbonTomcatServiceComponent} -  Stopping the carbon web-app registered under : / {org.wso2.carbon.tomcat.ext.internal.CarbonTomcatServiceComponent}
TID: [-1234] [] [2017-12-04 09:01:44,363]  INFO {org.wso2.carbon.metrics.impl.reporter.AbstractReporter} -  Stopped JMX reporter for Metrics {org.wso2.carbon.metrics.impl.reporter.AbstractReporter}
TID: [-1234] [] [2017-12-04 09:01:44,364]  INFO {org.wso2.carbon.metrics.impl.reporter.AbstractReporter} -  Stopped JDBC reporter for Metrics {org.wso2.carbon.metrics.impl.reporter.AbstractReporter}
TID: [-1234] [] [2017-12-04 09:01:44,763]  INFO {org.wso2.carbon.core.init.CarbonServerManager} -  Shutdown complete {org.wso2.carbon.core.init.CarbonServerManager}
TID: [-1234] [] [2017-12-04 09:01:44,763]  INFO {org.wso2.carbon.core.init.CarbonServerManager} -  Halting JVM {org.wso2.carbon.core.init.CarbonServerManager}
