2017-11-27 08:18:41,507 - Parser Exception: repository/resources/api_templates/velocity_template.xml
org.apache.velocity.runtime.parser.ParseException: Encountered "#end" at line 3, column 1.
Was expecting one of:
    <EOF> 
    "(" ...
    <RPAREN> ...
    <ESCAPE_DIRECTIVE> ...
    <SET_DIRECTIVE> ...
    "##" ...
    "\\\\" ...
    "\\" ...
    <TEXT> ...
    "*#" ...
    "*#" ...
    "]]#" ...
    <STRING_LITERAL> ...
    <IF_DIRECTIVE> ...
    <INTEGER_LITERAL> ...
    <FLOATING_POINT_LITERAL> ...
    <WORD> ...
    <BRACKETED_WORD> ...
    <IDENTIFIER> ...
    <DOT> ...
    "{" ...
    "}" ...
    <EMPTY_INDEX> ...
    
	at org.apache.velocity.runtime.parser.Parser.generateParseException(Parser.java:3679)
	at org.apache.velocity.runtime.parser.Parser.jj_consume_token(Parser.java:3558)
	at org.apache.velocity.runtime.parser.Parser.process(Parser.java:319)
	at org.apache.velocity.runtime.parser.Parser.parse(Parser.java:117)
	at org.apache.velocity.runtime.RuntimeInstance.parse(RuntimeInstance.java:1226)
	at org.apache.velocity.runtime.RuntimeInstance.parse(RuntimeInstance.java:1181)
	at org.apache.velocity.Template.process(Template.java:134)
	at org.apache.velocity.runtime.resource.ResourceManagerImpl.loadResource(ResourceManagerImpl.java:437)
	at org.apache.velocity.runtime.resource.ResourceManagerImpl.getResource(ResourceManagerImpl.java:352)
	at org.apache.velocity.runtime.RuntimeInstance.getTemplate(RuntimeInstance.java:1533)
	at org.apache.velocity.runtime.RuntimeInstance.getTemplate(RuntimeInstance.java:1514)
	at org.apache.velocity.app.VelocityEngine.getTemplate(VelocityEngine.java:373)
	at org.wso2.carbon.apimgt.impl.template.APITemplateBuilderImpl.getConfigStringForTemplate(APITemplateBuilderImpl.java:98)
	at org.wso2.carbon.apimgt.impl.utils.APIGatewayAdminClient.updateApi(APIGatewayAdminClient.java:178)
	at org.wso2.carbon.apimgt.impl.APIGatewayManager.publishToGateway(APIGatewayManager.java:137)
	at org.wso2.carbon.apimgt.impl.APIProviderImpl.publishToGateway(APIProviderImpl.java:1519)
	at org.wso2.carbon.apimgt.impl.APIProviderImpl.updateAPI(APIProviderImpl.java:907)
	at org.wso2.carbon.apimgt.impl.UserAwareAPIProvider.manageAPI(UserAwareAPIProvider.java:72)
	at org.wso2.carbon.apimgt.hostobjects.APIProviderHostObject.saveAPI(APIProviderHostObject.java:1061)
	at org.wso2.carbon.apimgt.hostobjects.APIProviderHostObject.jsFunction_manageAPI(APIProviderHostObject.java:539)
	at sun.reflect.NativeMethodAccessorImpl.invoke0(Native Method)
	at sun.reflect.NativeMethodAccessorImpl.invoke(NativeMethodAccessorImpl.java:62)
	at sun.reflect.DelegatingMethodAccessorImpl.invoke(DelegatingMethodAccessorImpl.java:43)
	at java.lang.reflect.Method.invoke(Method.java:498)
	at org.mozilla.javascript.MemberBox.invoke(MemberBox.java:126)
	at org.mozilla.javascript.FunctionObject.call(FunctionObject.java:386)
	at org.mozilla.javascript.optimizer.OptRuntime.call1(OptRuntime.java:32)
	at org.jaggeryjs.rhino.publisher.modules.api.c3._c_anonymous_1(/publisher/modules/api/add.jag:9)
	at org.jaggeryjs.rhino.publisher.modules.api.c3.call(/publisher/modules/api/add.jag)
	at org.mozilla.javascript.ScriptRuntime.applyOrCall(ScriptRuntime.java:2430)
	at org.mozilla.javascript.BaseFunction.execIdCall(BaseFunction.java:269)
	at org.mozilla.javascript.IdFunctionObject.call(IdFunctionObject.java:97)
	at org.mozilla.javascript.optimizer.OptRuntime.call2(OptRuntime.java:42)
	at org.jaggeryjs.rhino.publisher.modules.api.c0._c_anonymous_43(/publisher/modules/api/module.jag:136)
	at org.jaggeryjs.rhino.publisher.modules.api.c0.call(/publisher/modules/api/module.jag)
	at org.mozilla.javascript.optimizer.OptRuntime.call1(OptRuntime.java:32)
	at org.jaggeryjs.rhino.publisher.site.blocks.item_design.ajax.c0._c_anonymous_3(/publisher/site/blocks/item-design/ajax/add.jag:329)
	at org.jaggeryjs.rhino.publisher.site.blocks.item_design.ajax.c0.call(/publisher/site/blocks/item-design/ajax/add.jag)
	at org.mozilla.javascript.optimizer.OptRuntime.call0(OptRuntime.java:23)
	at org.jaggeryjs.rhino.publisher.site.blocks.item_design.ajax.c0._c_script_0(/publisher/site/blocks/item-design/ajax/add.jag:21)
	at org.jaggeryjs.rhino.publisher.site.blocks.item_design.ajax.c0.call(/publisher/site/blocks/item-design/ajax/add.jag)
	at org.mozilla.javascript.ContextFactory.doTopCall(ContextFactory.java:394)
	at org.mozilla.javascript.ScriptRuntime.doTopCall(ScriptRuntime.java:3091)
	at org.jaggeryjs.rhino.publisher.site.blocks.item_design.ajax.c0.call(/publisher/site/blocks/item-design/ajax/add.jag)
	at org.jaggeryjs.rhino.publisher.site.blocks.item_design.ajax.c0.exec(/publisher/site/blocks/item-design/ajax/add.jag)
	at org.jaggeryjs.scriptengine.engine.RhinoEngine.execScript(RhinoEngine.java:567)
	at org.jaggeryjs.scriptengine.engine.RhinoEngine.exec(RhinoEngine.java:273)
	at org.jaggeryjs.jaggery.core.manager.WebAppManager.exec(WebAppManager.java:588)
	at org.jaggeryjs.jaggery.core.manager.WebAppManager.execute(WebAppManager.java:508)
	at org.jaggeryjs.jaggery.core.JaggeryServlet.doPost(JaggeryServlet.java:29)
	at javax.servlet.http.HttpServlet.service(HttpServlet.java:650)
	at javax.servlet.http.HttpServlet.service(HttpServlet.java:731)
	at org.apache.catalina.core.ApplicationFilterChain.internalDoFilter(ApplicationFilterChain.java:303)
	at org.apache.catalina.core.ApplicationFilterChain.doFilter(ApplicationFilterChain.java:208)
	at org.apache.catalina.core.ApplicationDispatcher.invoke(ApplicationDispatcher.java:747)
	at org.apache.catalina.core.ApplicationDispatcher.processRequest(ApplicationDispatcher.java:485)
	at org.apache.catalina.core.ApplicationDispatcher.doForward(ApplicationDispatcher.java:377)
	at org.apache.catalina.core.ApplicationDispatcher.forward(ApplicationDispatcher.java:337)
	at org.jaggeryjs.jaggery.core.JaggeryFilter.doFilter(JaggeryFilter.java:21)
	at org.apache.catalina.core.ApplicationFilterChain.internalDoFilter(ApplicationFilterChain.java:241)
	at org.apache.catalina.core.ApplicationFilterChain.doFilter(ApplicationFilterChain.java:208)
	at org.wso2.carbon.ui.filters.cache.ContentTypeBasedCachePreventionFilter.doFilter(ContentTypeBasedCachePreventionFilter.java:53)
	at org.apache.catalina.core.ApplicationFilterChain.internalDoFilter(ApplicationFilterChain.java:241)
	at org.apache.catalina.core.ApplicationFilterChain.doFilter(ApplicationFilterChain.java:208)
	at org.apache.catalina.filters.HttpHeaderSecurityFilter.doFilter(HttpHeaderSecurityFilter.java:120)
	at org.apache.catalina.core.ApplicationFilterChain.internalDoFilter(ApplicationFilterChain.java:241)
	at org.apache.catalina.core.ApplicationFilterChain.doFilter(ApplicationFilterChain.java:208)
	at org.apache.catalina.core.StandardWrapperValve.invoke(StandardWrapperValve.java:218)
	at org.apache.catalina.core.StandardContextValve.invoke(StandardContextValve.java:122)
	at org.apache.catalina.authenticator.AuthenticatorBase.invoke(AuthenticatorBase.java:505)
	at org.apache.catalina.core.StandardHostValve.invoke(StandardHostValve.java:169)
	at org.apache.catalina.valves.ErrorReportValve.invoke(ErrorReportValve.java:103)
	at org.wso2.carbon.tomcat.ext.valves.CompositeValve.continueInvocation(CompositeValve.java:99)
	at org.wso2.carbon.tomcat.ext.valves.CarbonTomcatValve$1.invoke(CarbonTomcatValve.java:47)
	at org.wso2.carbon.webapp.mgt.TenantLazyLoaderValve.invoke(TenantLazyLoaderValve.java:57)
	at org.wso2.carbon.event.receiver.core.internal.tenantmgt.TenantLazyLoaderValve.invoke(TenantLazyLoaderValve.java:48)
	at org.wso2.carbon.tomcat.ext.valves.TomcatValveContainer.invokeValves(TomcatValveContainer.java:47)
	at org.wso2.carbon.tomcat.ext.valves.CompositeValve.invoke(CompositeValve.java:62)
	at org.wso2.carbon.tomcat.ext.valves.CarbonStuckThreadDetectionValve.invoke(CarbonStuckThreadDetectionValve.java:159)
	at org.apache.catalina.valves.AccessLogValve.invoke(AccessLogValve.java:958)
	at org.wso2.carbon.tomcat.ext.valves.CarbonContextCreatorValve.invoke(CarbonContextCreatorValve.java:57)
	at org.apache.catalina.core.StandardEngineValve.invoke(StandardEngineValve.java:116)
	at org.apache.catalina.connector.CoyoteAdapter.service(CoyoteAdapter.java:452)
	at org.apache.coyote.http11.AbstractHttp11Processor.process(AbstractHttp11Processor.java:1087)
	at org.apache.coyote.AbstractProtocol$AbstractConnectionHandler.process(AbstractProtocol.java:637)
	at org.apache.tomcat.util.net.NioEndpoint$SocketProcessor.doRun(NioEndpoint.java:1756)
	at org.apache.tomcat.util.net.NioEndpoint$SocketProcessor.run(NioEndpoint.java:1715)
	at java.util.concurrent.ThreadPoolExecutor.runWorker(ThreadPoolExecutor.java:1142)
	at java.util.concurrent.ThreadPoolExecutor$Worker.run(ThreadPoolExecutor.java:617)
	at org.apache.tomcat.util.threads.TaskThread$WrappingRunnable.run(TaskThread.java:61)
	at java.lang.Thread.run(Thread.java:748)
2017-11-27 08:18:41,510 - ResourceManager.getResource() parse exception
org.apache.velocity.exception.ParseErrorException: Encountered "#end" at repository/resources/api_templates/velocity_template.xml[line 3, column 1]
Was expecting one of:
    <EOF> 
    "(" ...
    <RPAREN> ...
    <ESCAPE_DIRECTIVE> ...
    <SET_DIRECTIVE> ...
    "##" ...
    "\\\\" ...
    "\\" ...
    <TEXT> ...
    "*#" ...
    "*#" ...
    "]]#" ...
    <STRING_LITERAL> ...
    <IF_DIRECTIVE> ...
    <INTEGER_LITERAL> ...
    <FLOATING_POINT_LITERAL> ...
    <WORD> ...
    <BRACKETED_WORD> ...
    <IDENTIFIER> ...
    <DOT> ...
    "{" ...
    "}" ...
    <EMPTY_INDEX> ...
    
	at org.apache.velocity.Template.process(Template.java:151)
	at org.apache.velocity.runtime.resource.ResourceManagerImpl.loadResource(ResourceManagerImpl.java:437)
	at org.apache.velocity.runtime.resource.ResourceManagerImpl.getResource(ResourceManagerImpl.java:352)
	at org.apache.velocity.runtime.RuntimeInstance.getTemplate(RuntimeInstance.java:1533)
	at org.apache.velocity.runtime.RuntimeInstance.getTemplate(RuntimeInstance.java:1514)
	at org.apache.velocity.app.VelocityEngine.getTemplate(VelocityEngine.java:373)
	at org.wso2.carbon.apimgt.impl.template.APITemplateBuilderImpl.getConfigStringForTemplate(APITemplateBuilderImpl.java:98)
	at org.wso2.carbon.apimgt.impl.utils.APIGatewayAdminClient.updateApi(APIGatewayAdminClient.java:178)
	at org.wso2.carbon.apimgt.impl.APIGatewayManager.publishToGateway(APIGatewayManager.java:137)
	at org.wso2.carbon.apimgt.impl.APIProviderImpl.publishToGateway(APIProviderImpl.java:1519)
	at org.wso2.carbon.apimgt.impl.APIProviderImpl.updateAPI(APIProviderImpl.java:907)
	at org.wso2.carbon.apimgt.impl.UserAwareAPIProvider.manageAPI(UserAwareAPIProvider.java:72)
	at org.wso2.carbon.apimgt.hostobjects.APIProviderHostObject.saveAPI(APIProviderHostObject.java:1061)
	at org.wso2.carbon.apimgt.hostobjects.APIProviderHostObject.jsFunction_manageAPI(APIProviderHostObject.java:539)
	at sun.reflect.NativeMethodAccessorImpl.invoke0(Native Method)
	at sun.reflect.NativeMethodAccessorImpl.invoke(NativeMethodAccessorImpl.java:62)
	at sun.reflect.DelegatingMethodAccessorImpl.invoke(DelegatingMethodAccessorImpl.java:43)
	at java.lang.reflect.Method.invoke(Method.java:498)
	at org.mozilla.javascript.MemberBox.invoke(MemberBox.java:126)
	at org.mozilla.javascript.FunctionObject.call(FunctionObject.java:386)
	at org.mozilla.javascript.optimizer.OptRuntime.call1(OptRuntime.java:32)
	at org.jaggeryjs.rhino.publisher.modules.api.c3._c_anonymous_1(/publisher/modules/api/add.jag:9)
	at org.jaggeryjs.rhino.publisher.modules.api.c3.call(/publisher/modules/api/add.jag)
	at org.mozilla.javascript.ScriptRuntime.applyOrCall(ScriptRuntime.java:2430)
	at org.mozilla.javascript.BaseFunction.execIdCall(BaseFunction.java:269)
	at org.mozilla.javascript.IdFunctionObject.call(IdFunctionObject.java:97)
	at org.mozilla.javascript.optimizer.OptRuntime.call2(OptRuntime.java:42)
	at org.jaggeryjs.rhino.publisher.modules.api.c0._c_anonymous_43(/publisher/modules/api/module.jag:136)
	at org.jaggeryjs.rhino.publisher.modules.api.c0.call(/publisher/modules/api/module.jag)
	at org.mozilla.javascript.optimizer.OptRuntime.call1(OptRuntime.java:32)
	at org.jaggeryjs.rhino.publisher.site.blocks.item_design.ajax.c0._c_anonymous_3(/publisher/site/blocks/item-design/ajax/add.jag:329)
	at org.jaggeryjs.rhino.publisher.site.blocks.item_design.ajax.c0.call(/publisher/site/blocks/item-design/ajax/add.jag)
	at org.mozilla.javascript.optimizer.OptRuntime.call0(OptRuntime.java:23)
	at org.jaggeryjs.rhino.publisher.site.blocks.item_design.ajax.c0._c_script_0(/publisher/site/blocks/item-design/ajax/add.jag:21)
	at org.jaggeryjs.rhino.publisher.site.blocks.item_design.ajax.c0.call(/publisher/site/blocks/item-design/ajax/add.jag)
	at org.mozilla.javascript.ContextFactory.doTopCall(ContextFactory.java:394)
	at org.mozilla.javascript.ScriptRuntime.doTopCall(ScriptRuntime.java:3091)
	at org.jaggeryjs.rhino.publisher.site.blocks.item_design.ajax.c0.call(/publisher/site/blocks/item-design/ajax/add.jag)
	at org.jaggeryjs.rhino.publisher.site.blocks.item_design.ajax.c0.exec(/publisher/site/blocks/item-design/ajax/add.jag)
	at org.jaggeryjs.scriptengine.engine.RhinoEngine.execScript(RhinoEngine.java:567)
	at org.jaggeryjs.scriptengine.engine.RhinoEngine.exec(RhinoEngine.java:273)
	at org.jaggeryjs.jaggery.core.manager.WebAppManager.exec(WebAppManager.java:588)
	at org.jaggeryjs.jaggery.core.manager.WebAppManager.execute(WebAppManager.java:508)
	at org.jaggeryjs.jaggery.core.JaggeryServlet.doPost(JaggeryServlet.java:29)
	at javax.servlet.http.HttpServlet.service(HttpServlet.java:650)
	at javax.servlet.http.HttpServlet.service(HttpServlet.java:731)
	at org.apache.catalina.core.ApplicationFilterChain.internalDoFilter(ApplicationFilterChain.java:303)
	at org.apache.catalina.core.ApplicationFilterChain.doFilter(ApplicationFilterChain.java:208)
	at org.apache.catalina.core.ApplicationDispatcher.invoke(ApplicationDispatcher.java:747)
	at org.apache.catalina.core.ApplicationDispatcher.processRequest(ApplicationDispatcher.java:485)
	at org.apache.catalina.core.ApplicationDispatcher.doForward(ApplicationDispatcher.java:377)
	at org.apache.catalina.core.ApplicationDispatcher.forward(ApplicationDispatcher.java:337)
	at org.jaggeryjs.jaggery.core.JaggeryFilter.doFilter(JaggeryFilter.java:21)
	at org.apache.catalina.core.ApplicationFilterChain.internalDoFilter(ApplicationFilterChain.java:241)
	at org.apache.catalina.core.ApplicationFilterChain.doFilter(ApplicationFilterChain.java:208)
	at org.wso2.carbon.ui.filters.cache.ContentTypeBasedCachePreventionFilter.doFilter(ContentTypeBasedCachePreventionFilter.java:53)
	at org.apache.catalina.core.ApplicationFilterChain.internalDoFilter(ApplicationFilterChain.java:241)
	at org.apache.catalina.core.ApplicationFilterChain.doFilter(ApplicationFilterChain.java:208)
	at org.apache.catalina.filters.HttpHeaderSecurityFilter.doFilter(HttpHeaderSecurityFilter.java:120)
	at org.apache.catalina.core.ApplicationFilterChain.internalDoFilter(ApplicationFilterChain.java:241)
	at org.apache.catalina.core.ApplicationFilterChain.doFilter(ApplicationFilterChain.java:208)
	at org.apache.catalina.core.StandardWrapperValve.invoke(StandardWrapperValve.java:218)
	at org.apache.catalina.core.StandardContextValve.invoke(StandardContextValve.java:122)
	at org.apache.catalina.authenticator.AuthenticatorBase.invoke(AuthenticatorBase.java:505)
	at org.apache.catalina.core.StandardHostValve.invoke(StandardHostValve.java:169)
	at org.apache.catalina.valves.ErrorReportValve.invoke(ErrorReportValve.java:103)
	at org.wso2.carbon.tomcat.ext.valves.CompositeValve.continueInvocation(CompositeValve.java:99)
	at org.wso2.carbon.tomcat.ext.valves.CarbonTomcatValve$1.invoke(CarbonTomcatValve.java:47)
	at org.wso2.carbon.webapp.mgt.TenantLazyLoaderValve.invoke(TenantLazyLoaderValve.java:57)
	at org.wso2.carbon.event.receiver.core.internal.tenantmgt.TenantLazyLoaderValve.invoke(TenantLazyLoaderValve.java:48)
	at org.wso2.carbon.tomcat.ext.valves.TomcatValveContainer.invokeValves(TomcatValveContainer.java:47)
	at org.wso2.carbon.tomcat.ext.valves.CompositeValve.invoke(CompositeValve.java:62)
	at org.wso2.carbon.tomcat.ext.valves.CarbonStuckThreadDetectionValve.invoke(CarbonStuckThreadDetectionValve.java:159)
	at org.apache.catalina.valves.AccessLogValve.invoke(AccessLogValve.java:958)
	at org.wso2.carbon.tomcat.ext.valves.CarbonContextCreatorValve.invoke(CarbonContextCreatorValve.java:57)
	at org.apache.catalina.core.StandardEngineValve.invoke(StandardEngineValve.java:116)
	at org.apache.catalina.connector.CoyoteAdapter.service(CoyoteAdapter.java:452)
	at org.apache.coyote.http11.AbstractHttp11Processor.process(AbstractHttp11Processor.java:1087)
	at org.apache.coyote.AbstractProtocol$AbstractConnectionHandler.process(AbstractProtocol.java:637)
	at org.apache.tomcat.util.net.NioEndpoint$SocketProcessor.doRun(NioEndpoint.java:1756)
	at org.apache.tomcat.util.net.NioEndpoint$SocketProcessor.run(NioEndpoint.java:1715)
	at java.util.concurrent.ThreadPoolExecutor.runWorker(ThreadPoolExecutor.java:1142)
	at java.util.concurrent.ThreadPoolExecutor$Worker.run(ThreadPoolExecutor.java:617)
	at org.apache.tomcat.util.threads.TaskThread$WrappingRunnable.run(TaskThread.java:61)
	at java.lang.Thread.run(Thread.java:748)
