TID: [-1] [] [2017-12-04 08:45:21,212] DEBUG {org.apache.synapse.commons.jmx.ThreadingView} -  Thread state summary for PassthroughHttpServerWorker threads - Blocked: 0.0%, Unblocked: 100.0% {org.apache.synapse.commons.jmx.ThreadingView}
TID: [-1] [] [2017-12-04 08:45:21,259] DEBUG {org.apache.synapse.commons.jmx.ThreadingView} -  Thread state summary for PassthroughHttpServerWorker threads - Blocked: 0.0%, Unblocked: 100.0% {org.apache.synapse.commons.jmx.ThreadingView}
TID: [-1] [] [2017-12-04 08:46:21,209] DEBUG {org.apache.synapse.commons.jmx.ThreadingView} -  Thread state summary for PassthroughHttpServerWorker threads - Blocked: 0.0%, Unblocked: 100.0% {org.apache.synapse.commons.jmx.ThreadingView}
TID: [-1] [] [2017-12-04 08:46:21,259] DEBUG {org.apache.synapse.commons.jmx.ThreadingView} -  Thread state summary for PassthroughHttpServerWorker threads - Blocked: 0.0%, Unblocked: 100.0% {org.apache.synapse.commons.jmx.ThreadingView}
TID: [-1] [] [2017-12-04 08:47:21,206] DEBUG {org.apache.synapse.commons.jmx.ThreadingView} -  Thread state summary for PassthroughHttpServerWorker threads - Blocked: 0.0%, Unblocked: 100.0% {org.apache.synapse.commons.jmx.ThreadingView}
TID: [-1] [] [2017-12-04 08:47:21,255] DEBUG {org.apache.synapse.commons.jmx.ThreadingView} -  Thread state summary for PassthroughHttpServerWorker threads - Blocked: 0.0%, Unblocked: 100.0% {org.apache.synapse.commons.jmx.ThreadingView}
TID: [-1] [] [2017-12-04 08:48:15,196]  INFO {org.wso2.andes.kernel.AndesRecoveryTask} -  Running DB sync task. {org.wso2.andes.kernel.AndesRecoveryTask}
TID: [-1] [] [2017-12-04 08:48:21,211] DEBUG {org.apache.synapse.commons.jmx.ThreadingView} -  Thread state summary for PassthroughHttpServerWorker threads - Blocked: 0.0%, Unblocked: 100.0% {org.apache.synapse.commons.jmx.ThreadingView}
TID: [-1] [] [2017-12-04 08:48:21,258] DEBUG {org.apache.synapse.commons.jmx.ThreadingView} -  Thread state summary for PassthroughHttpServerWorker threads - Blocked: 0.0%, Unblocked: 100.0% {org.apache.synapse.commons.jmx.ThreadingView}
TID: [-1] [] [2017-12-04 08:49:21,206] DEBUG {org.apache.synapse.commons.jmx.ThreadingView} -  Thread state summary for PassthroughHttpServerWorker threads - Blocked: 0.0%, Unblocked: 100.0% {org.apache.synapse.commons.jmx.ThreadingView}
TID: [-1] [] [2017-12-04 08:49:21,254] DEBUG {org.apache.synapse.commons.jmx.ThreadingView} -  Thread state summary for PassthroughHttpServerWorker threads - Blocked: 0.0%, Unblocked: 100.0% {org.apache.synapse.commons.jmx.ThreadingView}
TID: [-1] [] [2017-12-04 08:50:21,207] DEBUG {org.apache.synapse.commons.jmx.ThreadingView} -  Thread state summary for PassthroughHttpServerWorker threads - Blocked: 0.0%, Unblocked: 100.0% {org.apache.synapse.commons.jmx.ThreadingView}
TID: [-1] [] [2017-12-04 08:50:21,256] DEBUG {org.apache.synapse.commons.jmx.ThreadingView} -  Thread state summary for PassthroughHttpServerWorker threads - Blocked: 0.0%, Unblocked: 100.0% {org.apache.synapse.commons.jmx.ThreadingView}
TID: [-1] [] [2017-12-04 08:51:21,206] DEBUG {org.apache.synapse.commons.jmx.ThreadingView} -  Thread state summary for PassthroughHttpServerWorker threads - Blocked: 0.0%, Unblocked: 100.0% {org.apache.synapse.commons.jmx.ThreadingView}
TID: [-1] [] [2017-12-04 08:51:21,256] DEBUG {org.apache.synapse.commons.jmx.ThreadingView} -  Thread state summary for PassthroughHttpServerWorker threads - Blocked: 0.0%, Unblocked: 100.0% {org.apache.synapse.commons.jmx.ThreadingView}
TID: [-1] [] [2017-12-04 08:52:21,206] DEBUG {org.apache.synapse.commons.jmx.ThreadingView} -  Thread state summary for PassthroughHttpServerWorker threads - Blocked: 0.0%, Unblocked: 100.0% {org.apache.synapse.commons.jmx.ThreadingView}
TID: [-1] [] [2017-12-04 08:52:21,258] DEBUG {org.apache.synapse.commons.jmx.ThreadingView} -  Thread state summary for PassthroughHttpServerWorker threads - Blocked: 0.0%, Unblocked: 100.0% {org.apache.synapse.commons.jmx.ThreadingView}
TID: [-1] [] [2017-12-04 08:53:21,208] DEBUG {org.apache.synapse.commons.jmx.ThreadingView} -  Thread state summary for PassthroughHttpServerWorker threads - Blocked: 0.0%, Unblocked: 100.0% {org.apache.synapse.commons.jmx.ThreadingView}
TID: [-1] [] [2017-12-04 08:53:21,254] DEBUG {org.apache.synapse.commons.jmx.ThreadingView} -  Thread state summary for PassthroughHttpServerWorker threads - Blocked: 0.0%, Unblocked: 100.0% {org.apache.synapse.commons.jmx.ThreadingView}
TID: [-1] [] [2017-12-04 08:54:21,210] DEBUG {org.apache.synapse.commons.jmx.ThreadingView} -  Thread state summary for PassthroughHttpServerWorker threads - Blocked: 0.0%, Unblocked: 100.0% {org.apache.synapse.commons.jmx.ThreadingView}
TID: [-1] [] [2017-12-04 08:54:21,256] DEBUG {org.apache.synapse.commons.jmx.ThreadingView} -  Thread state summary for PassthroughHttpServerWorker threads - Blocked: 0.0%, Unblocked: 100.0% {org.apache.synapse.commons.jmx.ThreadingView}
TID: [-1] [] [2017-12-04 08:55:21,207] DEBUG {org.apache.synapse.commons.jmx.ThreadingView} -  Thread state summary for PassthroughHttpServerWorker threads - Blocked: 0.0%, Unblocked: 100.0% {org.apache.synapse.commons.jmx.ThreadingView}
TID: [-1] [] [2017-12-04 08:55:21,253] DEBUG {org.apache.synapse.commons.jmx.ThreadingView} -  Thread state summary for PassthroughHttpServerWorker threads - Blocked: 0.0%, Unblocked: 100.0% {org.apache.synapse.commons.jmx.ThreadingView}
TID: [-1] [] [2017-12-04 08:56:21,210] DEBUG {org.apache.synapse.commons.jmx.ThreadingView} -  Thread state summary for PassthroughHttpServerWorker threads - Blocked: 0.0%, Unblocked: 100.0% {org.apache.synapse.commons.jmx.ThreadingView}
TID: [-1] [] [2017-12-04 08:56:21,257] DEBUG {org.apache.synapse.commons.jmx.ThreadingView} -  Thread state summary for PassthroughHttpServerWorker threads - Blocked: 0.0%, Unblocked: 100.0% {org.apache.synapse.commons.jmx.ThreadingView}
TID: [-1] [] [2017-12-04 08:57:21,207] DEBUG {org.apache.synapse.commons.jmx.ThreadingView} -  Thread state summary for PassthroughHttpServerWorker threads - Blocked: 0.0%, Unblocked: 100.0% {org.apache.synapse.commons.jmx.ThreadingView}
TID: [-1] [] [2017-12-04 08:57:21,255] DEBUG {org.apache.synapse.commons.jmx.ThreadingView} -  Thread state summary for PassthroughHttpServerWorker threads - Blocked: 0.0%, Unblocked: 100.0% {org.apache.synapse.commons.jmx.ThreadingView}
TID: [-1] [] [2017-12-04 08:58:21,214] DEBUG {org.apache.synapse.commons.jmx.ThreadingView} -  Thread state summary for PassthroughHttpServerWorker threads - Blocked: 0.0%, Unblocked: 100.0% {org.apache.synapse.commons.jmx.ThreadingView}
TID: [-1] [] [2017-12-04 08:58:21,261] DEBUG {org.apache.synapse.commons.jmx.ThreadingView} -  Thread state summary for PassthroughHttpServerWorker threads - Blocked: 0.0%, Unblocked: 100.0% {org.apache.synapse.commons.jmx.ThreadingView}
TID: [-1] [] [2017-12-04 08:59:21,212] DEBUG {org.apache.synapse.commons.jmx.ThreadingView} -  Thread state summary for PassthroughHttpServerWorker threads - Blocked: 0.0%, Unblocked: 100.0% {org.apache.synapse.commons.jmx.ThreadingView}
TID: [-1] [] [2017-12-04 08:59:21,258] DEBUG {org.apache.synapse.commons.jmx.ThreadingView} -  Thread state summary for PassthroughHttpServerWorker threads - Blocked: 0.0%, Unblocked: 100.0% {org.apache.synapse.commons.jmx.ThreadingView}
TID: [-1] [] [2017-12-04 09:00:21,211] DEBUG {org.apache.synapse.commons.jmx.ThreadingView} -  Thread state summary for PassthroughHttpServerWorker threads - Blocked: 0.0%, Unblocked: 100.0% {org.apache.synapse.commons.jmx.ThreadingView}
TID: [-1] [] [2017-12-04 09:00:21,258] DEBUG {org.apache.synapse.commons.jmx.ThreadingView} -  Thread state summary for PassthroughHttpServerWorker threads - Blocked: 0.0%, Unblocked: 100.0% {org.apache.synapse.commons.jmx.ThreadingView}
TID: [-1] [] [2017-12-04 09:01:21,212] DEBUG {org.apache.synapse.commons.jmx.ThreadingView} -  Thread state summary for PassthroughHttpServerWorker threads - Blocked: 0.0%, Unblocked: 100.0% {org.apache.synapse.commons.jmx.ThreadingView}
TID: [-1] [] [2017-12-04 09:01:21,259] DEBUG {org.apache.synapse.commons.jmx.ThreadingView} -  Thread state summary for PassthroughHttpServerWorker threads - Blocked: 0.0%, Unblocked: 100.0% {org.apache.synapse.commons.jmx.ThreadingView}
TID: [-1234] [] [2017-12-04 09:01:38,002]  INFO {org.wso2.carbon.core.init.CarbonServerManager} -  Shutdown hook triggered.... {org.wso2.carbon.core.init.CarbonServerManager}
TID: [-1234] [] [2017-12-04 09:01:38,003]  INFO {org.wso2.carbon.core.init.CarbonServerManager} -  Gracefully shutting down WSO2 API Manager... {org.wso2.carbon.core.init.CarbonServerManager}
TID: [-1234] [] [2017-12-04 09:01:38,006]  INFO {org.wso2.carbon.core.ServerManagement} -  Starting to switch to maintenance mode... {org.wso2.carbon.core.ServerManagement}
TID: [-1234] [] [2017-12-04 09:01:38,006]  INFO {org.apache.synapse.transport.passthru.PassThroughHttpListener} -  Stopping Pass-through HTTP Listener.. {org.apache.synapse.transport.passthru.PassThroughHttpListener}
TID: [-1234] [] [2017-12-04 09:01:38,007]  INFO {org.apache.synapse.transport.passthru.core.PassThroughListeningIOReactorManager} -  Shutting down IO Reactor bind for port 8282 {org.apache.synapse.transport.passthru.core.PassThroughListeningIOReactorManager}
TID: [-1] [] [2017-12-04 09:01:38,016]  INFO {org.apache.synapse.transport.passthru.core.PassThroughListeningIOReactorManager} -  HTTP-Listener I/O dispatcher Listener shutdown. {org.apache.synapse.transport.passthru.core.PassThroughListeningIOReactorManager}
TID: [-1234] [] [2017-12-04 09:01:38,023]  INFO {org.apache.synapse.transport.passthru.PassThroughHttpSSLListener} -  Stopping Pass-through HTTPS Listener.. {org.apache.synapse.transport.passthru.PassThroughHttpSSLListener}
TID: [-1234] [] [2017-12-04 09:01:38,023]  INFO {org.apache.synapse.transport.passthru.core.PassThroughListeningIOReactorManager} -  Shutting down IO Reactor bind for port 8245 {org.apache.synapse.transport.passthru.core.PassThroughListeningIOReactorManager}
TID: [-1] [] [2017-12-04 09:01:38,024]  INFO {org.apache.synapse.transport.passthru.core.PassThroughListeningIOReactorManager} -  HTTPS-Listener I/O dispatcher Listener shutdown. {org.apache.synapse.transport.passthru.core.PassThroughListeningIOReactorManager}
TID: [-1234] [] [2017-12-04 09:01:38,025]  INFO {org.wso2.carbon.core.ServerManagement} -  Stopped all transport listeners {org.wso2.carbon.core.ServerManagement}
TID: [-1234] [] [2017-12-04 09:01:38,025]  INFO {org.wso2.carbon.core.ServerManagement} -  Waiting for request service completion... {org.wso2.carbon.core.ServerManagement}
TID: [-1234] [] [2017-12-04 09:01:38,033]  INFO {org.wso2.carbon.core.ServerManagement} -  All requests have been served. {org.wso2.carbon.core.ServerManagement}
TID: [-1234] [] [2017-12-04 09:01:38,033]  INFO {org.wso2.carbon.core.ServerManagement} -  Waiting for deployment completion... {org.wso2.carbon.core.ServerManagement}
TID: [-1234] [] [2017-12-04 09:01:38,106]  INFO {org.wso2.carbon.webapp.mgt.WebApplication} -  Unloaded webapp: StandardEngine[Catalina].StandardHost[localhost].StandardContext[/api/am/publisher/v0.11] {org.wso2.carbon.webapp.mgt.WebApplication}
TID: [-1234] [] [2017-12-04 09:01:38,139]  INFO {org.wso2.carbon.webapp.mgt.WebApplication} -  Unloaded webapp: StandardEngine[Catalina].StandardHost[localhost].StandardContext[/api/am/store/v0.11] {org.wso2.carbon.webapp.mgt.WebApplication}
TID: [-1234] [] [2017-12-04 09:01:38,164]  INFO {org.wso2.carbon.webapp.mgt.WebApplication} -  Unloaded webapp: StandardEngine[Catalina].StandardHost[localhost].StandardContext[/oauth2] {org.wso2.carbon.webapp.mgt.WebApplication}
TID: [-1234] [] [2017-12-04 09:01:38,189]  INFO {org.wso2.carbon.webapp.mgt.WebApplication} -  Unloaded webapp: StandardEngine[Catalina].StandardHost[localhost].StandardContext[/am/sample/pizzashack/v1] {org.wso2.carbon.webapp.mgt.WebApplication}
TID: [-1234] [] [2017-12-04 09:01:38,215]  INFO {org.wso2.carbon.webapp.mgt.WebApplication} -  Unloaded webapp: StandardEngine[Catalina].StandardHost[localhost].StandardContext[/am/sample/calculator/v1] {org.wso2.carbon.webapp.mgt.WebApplication}
TID: [-1234] [] [2017-12-04 09:01:38,232]  INFO {org.wso2.carbon.webapp.mgt.WebApplication} -  Unloaded webapp: StandardEngine[Catalina].StandardHost[localhost].StandardContext[/authenticationendpoint] {org.wso2.carbon.webapp.mgt.WebApplication}
TID: [-1234] [] [2017-12-04 09:01:38,253]  INFO {org.wso2.carbon.webapp.mgt.WebApplication} -  Unloaded webapp: StandardEngine[Catalina].StandardHost[localhost].StandardContext[/client-registration/v0.11] {org.wso2.carbon.webapp.mgt.WebApplication}
TID: [-1234] [] [2017-12-04 09:01:38,270]  INFO {org.wso2.carbon.webapp.mgt.WebApplication} -  Unloaded webapp: StandardEngine[Catalina].StandardHost[localhost].StandardContext[/api/am/admin/v0.11] {org.wso2.carbon.webapp.mgt.WebApplication}
TID: [-1234] [] [2017-12-04 09:01:38,309]  INFO {org.wso2.carbon.webapp.mgt.WebApplication} -  Unloaded webapp: StandardEngine[Catalina].StandardHost[localhost].StandardContext[/shindig] {org.wso2.carbon.webapp.mgt.WebApplication}
TID: [-1234] [] [2017-12-04 09:01:38,336]  INFO {org.wso2.carbon.webapp.mgt.WebApplication} -  Unloaded webapp: StandardEngine[Catalina].StandardHost[localhost].StandardContext[/throttle/data/v1] {org.wso2.carbon.webapp.mgt.WebApplication}
TID: [-1234] [] [2017-12-04 09:01:38,346]  INFO {org.wso2.carbon.webapp.mgt.WebApplication} -  Unloaded webapp: StandardEngine[Catalina].StandardHost[localhost].StandardContext[/admin] {org.wso2.carbon.webapp.mgt.WebApplication}
TID: [-1234] [] [2017-12-04 09:01:38,357]  INFO {org.wso2.carbon.webapp.mgt.WebApplication} -  Unloaded webapp: StandardEngine[Catalina].StandardHost[localhost].StandardContext[/store] {org.wso2.carbon.webapp.mgt.WebApplication}
TID: [-1234] [] [2017-12-04 09:01:38,369]  INFO {org.wso2.carbon.webapp.mgt.WebApplication} -  Unloaded webapp: StandardEngine[Catalina].StandardHost[localhost].StandardContext[/publisher] {org.wso2.carbon.webapp.mgt.WebApplication}
TID: [-1234] [] [2017-12-04 09:01:38,379]  INFO {org.wso2.carbon.webapp.mgt.WebApplication} -  Unloaded webapp: StandardEngine[Catalina].StandardHost[localhost].StandardContext[/portal] {org.wso2.carbon.webapp.mgt.WebApplication}
TID: [-1234] [] [2017-12-04 09:01:38,379]  INFO {org.wso2.carbon.core.ServerManagement} -  All deployment tasks have been completed. {org.wso2.carbon.core.ServerManagement}
TID: [-1234] [] [2017-12-04 09:01:38,379]  INFO {org.wso2.carbon.core.ServerManagement} -  Waiting for server task completion... {org.wso2.carbon.core.ServerManagement}
TID: [-1234] [] [2017-12-04 09:01:38,410]  INFO {org.wso2.carbon.registry.core.internal.RegistryCoreServiceComponent} -  Writing logs  {org.wso2.carbon.registry.core.internal.RegistryCoreServiceComponent}
TID: [-1234] [] [2017-12-04 09:01:38,412]  INFO {org.wso2.carbon.apimgt.jms.listener.utils.JMSTransportHandler} -  Starting to Shutdown the Listener... {org.wso2.carbon.apimgt.jms.listener.utils.JMSTransportHandler}
TID: [-1234] [] [2017-12-04 09:01:38,327]  INFO {org.wso2.carbon.apimgt.jms.listener.utils.JMSTaskManager} -  Task manager for jms consumer 1000 shutdown {org.wso2.carbon.apimgt.jms.listener.utils.JMSTaskManager}
TID: [-1234] [] [2017-12-04 09:01:38,327]  INFO {org.wso2.carbon.apimgt.jms.listener.utils.JMSListener} -  Stopped listening for JMS messages to listener : Siddhi-JMS-Consumer#throttleData {org.wso2.carbon.apimgt.jms.listener.utils.JMSListener}
TID: [-1234] [] [2017-12-04 09:01:38,329]  INFO {org.wso2.andes.kernel.FlowControlManager} -  Prepare channels for shutdown. {org.wso2.andes.kernel.FlowControlManager}
TID: [-1234] [] [2017-12-04 09:01:38,330]  INFO {org.wso2.andes.kernel.MessagingEngine} -  Stopping SlotDelivery Worker. {org.wso2.andes.kernel.MessagingEngine}
TID: [-1234] [] [2017-12-04 09:01:38,330]  INFO {org.wso2.andes.kernel.slot.SlotMessageCounter} -  Stopping slot timeout task executor {org.wso2.andes.kernel.slot.SlotMessageCounter}
TID: [-1234] [] [2017-12-04 09:01:38,391]  INFO {org.wso2.andes.server.registry.ApplicationRegistry} -  Shutting down ApplicationRegistry(org.wso2.andes.server.registry.ConfigurationFileApplicationRegistry@3974c431) {org.wso2.andes.server.registry.ApplicationRegistry}
TID: [-1234] [] [2017-12-04 09:01:38,391]  INFO {org.wso2.andes.server.registry.ApplicationRegistry} -  Shutting down ApplicationRegistry:org.wso2.andes.server.registry.ConfigurationFileApplicationRegistry@3974c431 {org.wso2.andes.server.registry.ApplicationRegistry}
TID: [-1234] [] [2017-12-04 09:01:38,395]  INFO {org.wso2.andes.server.security.auth.manager.PrincipalDatabaseAuthenticationManager} -  Unregistering UserManagementMBean {org.wso2.andes.server.security.auth.manager.PrincipalDatabaseAuthenticationManager}
TID: [-1234] [] [2017-12-04 09:01:38,396]  INFO {org.wso2.andes.server.cluster.ClusterManager} -  Clearing the Persisted State of Node with ID NODEbuddhimala-ThinkPad-X1-Carbon-5th/127.0.1.1 {org.wso2.andes.server.cluster.ClusterManager}
TID: [-1234] [] [2017-12-04 09:01:38,434]  INFO {org.wso2.andes.kernel.AndesKernelBoot} -  Stop syncing exchanges, queues, bindings and subscriptions... {org.wso2.andes.kernel.AndesKernelBoot}
TID: [-1234] [] [2017-12-04 09:01:38,436]  INFO {org.wso2.carbon.core.ServerManagement} -  All server tasks have been completed. {org.wso2.carbon.core.ServerManagement}
TID: [-1234] [] [2017-12-04 09:01:38,436]  INFO {org.wso2.carbon.core.init.CarbonServerManager} -  Shutting down WSO2 API Manager... {org.wso2.carbon.core.init.CarbonServerManager}
TID: [-1234] [] [2017-12-04 09:01:38,436]  INFO {org.wso2.carbon.core.init.CarbonServerManager} -  Shutting down OSGi framework... {org.wso2.carbon.core.init.CarbonServerManager}
TID: [-1234] [] [2017-12-04 09:01:38,498]  INFO {org.wso2.carbon.apimgt.jms.listener.utils.JMSTransportHandler} -  Starting to Shutdown the Listener... {org.wso2.carbon.apimgt.jms.listener.utils.JMSTransportHandler}
TID: [-1234] [] [2017-12-04 09:01:38,518]  INFO {org.apache.synapse.task.SynapseTaskManager} -  Shutting down the task manager {org.apache.synapse.task.SynapseTaskManager}
TID: [-1234] [] [2017-12-04 09:01:38,534]  INFO {org.wso2.carbon.databridge.receiver.binary.internal.BinaryDataReceiverServiceComponent} -  Binary Data Receiver server shutting down... {org.wso2.carbon.databridge.receiver.binary.internal.BinaryDataReceiverServiceComponent}
TID: [-1234] [] [2017-12-04 09:01:38,534]  INFO {org.wso2.carbon.databridge.receiver.binary.internal.BinaryDataReceiver} -  Stopping Binary Server.. {org.wso2.carbon.databridge.receiver.binary.internal.BinaryDataReceiver}
TID: [-1234] [] [2017-12-04 09:01:38,534]  INFO {org.wso2.carbon.databridge.receiver.thrift.internal.ThriftDataReceiverDS} -  Thrift server shutting down... {org.wso2.carbon.databridge.receiver.thrift.internal.ThriftDataReceiverDS}
TID: [-1234] [] [2017-12-04 09:01:38,541]  INFO {org.wso2.carbon.event.receiver.core.EventReceiverDeployer} -  Event Receiver undeployed successfully: throttleWSO2EventReceiver.xml {org.wso2.carbon.event.receiver.core.EventReceiverDeployer}
TID: [-1234] [] [2017-12-04 09:01:38,542]  INFO {org.wso2.carbon.event.receiver.core.EventReceiverDeployer} -  Event receiver deployment held back and in inactive state: throttleWSO2EventReceiver.xml, waiting for Input Event Adapter dependency: wso2event {org.wso2.carbon.event.receiver.core.EventReceiverDeployer}
TID: [-1234] [] [2017-12-04 09:01:38,543]  INFO {org.wso2.carbon.event.receiver.core.internal.CarbonEventReceiverService} -  Event receiver : throttleWSO2EventReceiver in inactive state because dependency could not be found: wso2event {org.wso2.carbon.event.receiver.core.internal.CarbonEventReceiverService}
TID: [-1234] [] [2017-12-04 09:01:38,548]  INFO {org.wso2.carbon.event.publisher.core.EventPublisherDeployer} -  Event Publisher undeployed successfully : jmsEventPublisher.xml {org.wso2.carbon.event.publisher.core.EventPublisherDeployer}
TID: [-1234] [] [2017-12-04 09:01:38,551]  INFO {org.wso2.carbon.event.publisher.core.EventPublisherDeployer} -  Event Publisher deployment held back and in inactive state : jmsEventPublisher.xml, waiting for Output Event Adapter dependency : jms {org.wso2.carbon.event.publisher.core.EventPublisherDeployer}
TID: [-1234] [] [2017-12-04 09:01:38,551]  INFO {org.wso2.carbon.event.publisher.core.internal.CarbonEventPublisherService} -  Event publisher : jmsEventPublisher  is in inactive state because dependency could not be found : jms {org.wso2.carbon.event.publisher.core.internal.CarbonEventPublisherService}
TID: [-1234] [] [2017-12-04 09:01:38,620]  INFO {org.wso2.carbon.event.processor.core.internal.CarbonEventProcessorService} -  Successfully shutdown ExecutionPlans {org.wso2.carbon.event.processor.core.internal.CarbonEventProcessorService}
TID: [-1234] [] [2017-12-04 09:01:38,626]  INFO {org.wso2.carbon.core.init.CarbonServerManager} -  Stopping CarbonServerManager... {org.wso2.carbon.core.init.CarbonServerManager}
TID: [-1] [] [2017-12-04 09:01:38,628]  INFO {org.apache.synapse.transport.passthru.PassThroughHttpSender} -  HTTP Sender shutdown {org.apache.synapse.transport.passthru.PassThroughHttpSender}
TID: [-1] [] [2017-12-04 09:01:38,629]  INFO {org.apache.synapse.transport.passthru.PassThroughHttpSSLSender} -  HTTPS Sender shutdown {org.apache.synapse.transport.passthru.PassThroughHttpSSLSender}
TID: [-1234] [] [2017-12-04 09:01:38,629]  INFO {org.wso2.carbon.websocket.transport.WebsocketTransportSender} -  WS Sender Shutdown {org.wso2.carbon.websocket.transport.WebsocketTransportSender}
TID: [-1234] [] [2017-12-04 09:01:38,629]  INFO {org.apache.synapse.transport.passthru.PassThroughHttpListener} -  Destroying PassThroughHttpListener {org.apache.synapse.transport.passthru.PassThroughHttpListener}
TID: [-1234] [] [2017-12-04 09:01:38,629]  INFO {org.apache.synapse.transport.passthru.PassThroughHttpSSLListener} -  Destroying PassThroughHttpListener {org.apache.synapse.transport.passthru.PassThroughHttpSSLListener}
TID: [-1234] [] [2017-12-04 09:01:40,947]  INFO {org.wso2.carbon.tomcat.ext.internal.CarbonTomcatServiceComponent} -  Stopping the carbon web-app registered under : / {org.wso2.carbon.tomcat.ext.internal.CarbonTomcatServiceComponent}
TID: [-1234] [] [2017-12-04 09:01:40,957]  INFO {org.wso2.carbon.metrics.impl.reporter.AbstractReporter} -  Stopped JDBC reporter for Metrics {org.wso2.carbon.metrics.impl.reporter.AbstractReporter}
TID: [-1234] [] [2017-12-04 09:01:40,960]  INFO {org.wso2.carbon.metrics.impl.reporter.AbstractReporter} -  Stopped JMX reporter for Metrics {org.wso2.carbon.metrics.impl.reporter.AbstractReporter}
TID: [-1234] [] [2017-12-04 09:01:41,171] DEBUG {org.apache.synapse.commons.throttle.core.internal.ThrottleServiceComponent} -  Deactivating throttle core service component {org.apache.synapse.commons.throttle.core.internal.ThrottleServiceComponent}
TID: [-1234] [] [2017-12-04 09:01:41,590]  INFO {org.wso2.carbon.core.init.CarbonServerManager} -  Shutdown complete {org.wso2.carbon.core.init.CarbonServerManager}
TID: [-1234] [] [2017-12-04 09:01:41,590]  INFO {org.wso2.carbon.core.init.CarbonServerManager} -  Halting JVM {org.wso2.carbon.core.init.CarbonServerManager}
