2017-11-30 14:31:41,544 [-] [Start Level Event Dispatcher]  WARN ValidationResultPrinter Carbon is configured to use the default keystore (wso2carbon.jks). To maximize security when deploying to a production environment, configure a new keystore with a unique password in the production server profile.
2017-11-30 14:32:06,282 [-] [localhost-startStop-1] ERROR APIManagerConfiguration com.ctc.wstx.exc.WstxUnexpectedCharException: Unexpected character ' ' (code 32) in content after '<' (malformed start element?).
 at [row,col {unknown-source}]: [31,10]
2017-11-30 14:32:06,282 [-] [localhost-startStop-1] ERROR APIManagerComponent Error while initializing the API manager component
org.wso2.carbon.apimgt.api.APIManagementException: Error while parsing API Manager configuration: /home/buddhimala/Desktop/PAR3/uptonowapim_backup/GW/repository/conf/api-manager.xml
	at org.wso2.carbon.apimgt.impl.APIManagerConfiguration.load(APIManagerConfiguration.java:132)
	at org.wso2.carbon.apimgt.impl.internal.APIManagerComponent.activate(APIManagerComponent.java:148)
	at sun.reflect.NativeMethodAccessorImpl.invoke0(Native Method)
	at sun.reflect.NativeMethodAccessorImpl.invoke(NativeMethodAccessorImpl.java:62)
	at sun.reflect.DelegatingMethodAccessorImpl.invoke(DelegatingMethodAccessorImpl.java:43)
	at java.lang.reflect.Method.invoke(Method.java:498)
	at org.eclipse.equinox.internal.ds.model.ServiceComponent.activate(ServiceComponent.java:260)
	at org.eclipse.equinox.internal.ds.model.ServiceComponentProp.activate(ServiceComponentProp.java:146)
	at org.eclipse.equinox.internal.ds.model.ServiceComponentProp.build(ServiceComponentProp.java:345)
	at org.eclipse.equinox.internal.ds.InstanceProcess.buildComponent(InstanceProcess.java:620)
	at org.eclipse.equinox.internal.ds.InstanceProcess.buildComponents(InstanceProcess.java:197)
	at org.eclipse.equinox.internal.ds.Resolver.getEligible(Resolver.java:343)
	at org.eclipse.equinox.internal.ds.SCRManager.serviceChanged(SCRManager.java:222)
	at org.eclipse.osgi.internal.serviceregistry.FilteredServiceListener.serviceChanged(FilteredServiceListener.java:107)
	at org.eclipse.osgi.framework.internal.core.BundleContextImpl.dispatchEvent(BundleContextImpl.java:861)
	at org.eclipse.osgi.framework.eventmgr.EventManager.dispatchEvent(EventManager.java:230)
	at org.eclipse.osgi.framework.eventmgr.ListenerQueue.dispatchEventSynchronous(ListenerQueue.java:148)
	at org.eclipse.osgi.internal.serviceregistry.ServiceRegistry.publishServiceEventPrivileged(ServiceRegistry.java:819)
	at org.eclipse.osgi.internal.serviceregistry.ServiceRegistry.publishServiceEvent(ServiceRegistry.java:771)
	at org.eclipse.osgi.internal.serviceregistry.ServiceRegistrationImpl.register(ServiceRegistrationImpl.java:130)
	at org.eclipse.osgi.internal.serviceregistry.ServiceRegistry.registerService(ServiceRegistry.java:214)
	at org.eclipse.osgi.framework.internal.core.BundleContextImpl.registerService(BundleContextImpl.java:433)
	at org.eclipse.osgi.framework.internal.core.BundleContextImpl.registerService(BundleContextImpl.java:451)
	at org.wso2.carbon.core.init.CarbonServerManager.initializeCarbon(CarbonServerManager.java:514)
	at org.wso2.carbon.core.init.CarbonServerManager.start(CarbonServerManager.java:219)
	at org.wso2.carbon.core.internal.CarbonCoreServiceComponent.activate(CarbonCoreServiceComponent.java:94)
	at sun.reflect.NativeMethodAccessorImpl.invoke0(Native Method)
	at sun.reflect.NativeMethodAccessorImpl.invoke(NativeMethodAccessorImpl.java:62)
	at sun.reflect.DelegatingMethodAccessorImpl.invoke(DelegatingMethodAccessorImpl.java:43)
	at java.lang.reflect.Method.invoke(Method.java:498)
	at org.eclipse.equinox.internal.ds.model.ServiceComponent.activate(ServiceComponent.java:260)
	at org.eclipse.equinox.internal.ds.model.ServiceComponentProp.activate(ServiceComponentProp.java:146)
	at org.eclipse.equinox.internal.ds.model.ServiceComponentProp.build(ServiceComponentProp.java:345)
	at org.eclipse.equinox.internal.ds.InstanceProcess.buildComponent(InstanceProcess.java:620)
	at org.eclipse.equinox.internal.ds.InstanceProcess.buildComponents(InstanceProcess.java:197)
	at org.eclipse.equinox.internal.ds.Resolver.getEligible(Resolver.java:343)
	at org.eclipse.equinox.internal.ds.SCRManager.serviceChanged(SCRManager.java:222)
	at org.eclipse.osgi.internal.serviceregistry.FilteredServiceListener.serviceChanged(FilteredServiceListener.java:107)
	at org.eclipse.osgi.framework.internal.core.BundleContextImpl.dispatchEvent(BundleContextImpl.java:861)
	at org.eclipse.osgi.framework.eventmgr.EventManager.dispatchEvent(EventManager.java:230)
	at org.eclipse.osgi.framework.eventmgr.ListenerQueue.dispatchEventSynchronous(ListenerQueue.java:148)
	at org.eclipse.osgi.internal.serviceregistry.ServiceRegistry.publishServiceEventPrivileged(ServiceRegistry.java:819)
	at org.eclipse.osgi.internal.serviceregistry.ServiceRegistry.publishServiceEvent(ServiceRegistry.java:771)
	at org.eclipse.osgi.internal.serviceregistry.ServiceRegistrationImpl.register(ServiceRegistrationImpl.java:130)
	at org.eclipse.osgi.internal.serviceregistry.ServiceRegistry.registerService(ServiceRegistry.java:214)
	at org.eclipse.osgi.framework.internal.core.BundleContextImpl.registerService(BundleContextImpl.java:433)
	at org.eclipse.equinox.http.servlet.internal.Activator.registerHttpService(Activator.java:81)
	at org.eclipse.equinox.http.servlet.internal.Activator.addProxyServlet(Activator.java:60)
	at org.eclipse.equinox.http.servlet.internal.ProxyServlet.init(ProxyServlet.java:40)
	at org.wso2.carbon.tomcat.ext.servlet.DelegationServlet.init(DelegationServlet.java:38)
	at org.apache.catalina.core.StandardWrapper.initServlet(StandardWrapper.java:1269)
	at org.apache.catalina.core.StandardWrapper.loadServlet(StandardWrapper.java:1182)
	at org.apache.catalina.core.StandardWrapper.load(StandardWrapper.java:1072)
	at org.apache.catalina.core.StandardContext.loadOnStartup(StandardContext.java:5368)
	at org.apache.catalina.core.StandardContext.startInternal(StandardContext.java:5660)
	at org.apache.catalina.util.LifecycleBase.start(LifecycleBase.java:145)
	at org.apache.catalina.core.ContainerBase$StartChild.call(ContainerBase.java:1571)
	at org.apache.catalina.core.ContainerBase$StartChild.call(ContainerBase.java:1561)
	at java.util.concurrent.FutureTask.run(FutureTask.java:266)
	at java.util.concurrent.ThreadPoolExecutor.runWorker(ThreadPoolExecutor.java:1142)
	at java.util.concurrent.ThreadPoolExecutor$Worker.run(ThreadPoolExecutor.java:617)
	at java.lang.Thread.run(Thread.java:748)
Caused by: org.apache.axiom.om.OMException: com.ctc.wstx.exc.WstxUnexpectedCharException: Unexpected character ' ' (code 32) in content after '<' (malformed start element?).
 at [row,col {unknown-source}]: [31,10]
	at org.apache.axiom.om.impl.builder.StAXOMBuilder.next(StAXOMBuilder.java:296)
	at org.apache.axiom.om.impl.llom.OMElementImpl.getNextOMSibling(OMElementImpl.java:336)
	at org.apache.axiom.om.impl.traverse.OMChildElementIterator.next(OMChildElementIterator.java:104)
	at org.wso2.carbon.apimgt.impl.APIManagerConfiguration.readChildElements(APIManagerConfiguration.java:174)
	at org.wso2.carbon.apimgt.impl.APIManagerConfiguration.load(APIManagerConfiguration.java:115)
	... 61 more
Caused by: com.ctc.wstx.exc.WstxUnexpectedCharException: Unexpected character ' ' (code 32) in content after '<' (malformed start element?).
 at [row,col {unknown-source}]: [31,10]
	at com.ctc.wstx.sr.StreamScanner.throwUnexpectedChar(StreamScanner.java:639)
	at com.ctc.wstx.sr.BasicStreamReader.nextFromTree(BasicStreamReader.java:2843)
	at com.ctc.wstx.sr.BasicStreamReader.next(BasicStreamReader.java:1072)
	at org.apache.axiom.om.impl.builder.StAXOMBuilder.parserNext(StAXOMBuilder.java:681)
	at org.apache.axiom.om.impl.builder.StAXOMBuilder.next(StAXOMBuilder.java:214)
	... 65 more
2017-11-30 14:32:32,979 [-] [localhost-startStop-1] ERROR APIMgtUsageDataBridgeDataPublisher Error initializing APIMgtUsageDataBridgeDataPublisher
java.lang.NullPointerException
	at org.wso2.carbon.apimgt.usage.publisher.internal.UsageComponent.getDataPublisher(UsageComponent.java:89)
	at org.wso2.carbon.apimgt.usage.publisher.APIMgtUsageDataBridgeDataPublisher.getDataPublisher(APIMgtUsageDataBridgeDataPublisher.java:136)
	at org.wso2.carbon.apimgt.usage.publisher.APIMgtUsageDataBridgeDataPublisher.init(APIMgtUsageDataBridgeDataPublisher.java:46)
	at org.wso2.carbon.apimgt.gateway.handlers.WebsocketInboundHandler.<init>(WebsocketInboundHandler.java:77)
	at org.wso2.carbon.apimgt.gateway.handlers.WebsocketHandler.<init>(WebsocketHandler.java:28)
	at sun.reflect.NativeConstructorAccessorImpl.newInstance0(Native Method)
	at sun.reflect.NativeConstructorAccessorImpl.newInstance(NativeConstructorAccessorImpl.java:62)
	at sun.reflect.DelegatingConstructorAccessorImpl.newInstance(DelegatingConstructorAccessorImpl.java:45)
	at java.lang.reflect.Constructor.newInstance(Constructor.java:423)
	at org.wso2.carbon.inbound.endpoint.protocol.websocket.PipelineHandlerBuilderUtil.stringToPipelineHandlers(PipelineHandlerBuilderUtil.java:49)
	at org.wso2.carbon.inbound.endpoint.protocol.websocket.management.WebsocketEndpointManager.startListener(WebsocketEndpointManager.java:134)
	at org.wso2.carbon.inbound.endpoint.protocol.websocket.management.WebsocketEndpointManager.startEndpoint(WebsocketEndpointManager.java:74)
	at org.wso2.carbon.inbound.endpoint.protocol.websocket.InboundWebsocketListener.init(InboundWebsocketListener.java:52)
	at org.apache.synapse.inbound.InboundEndpoint.init(InboundEndpoint.java:79)
	at org.apache.synapse.config.SynapseConfiguration.init(SynapseConfiguration.java:1530)
	at org.apache.synapse.Axis2SynapseController.createSynapseEnvironment(Axis2SynapseController.java:413)
	at org.apache.synapse.ServerManager.start(ServerManager.java:182)
	at org.wso2.carbon.mediation.initializer.ServiceBusInitializer.initESB(ServiceBusInitializer.java:452)
	at org.wso2.carbon.mediation.initializer.ServiceBusInitializer.activate(ServiceBusInitializer.java:196)
	at sun.reflect.NativeMethodAccessorImpl.invoke0(Native Method)
	at sun.reflect.NativeMethodAccessorImpl.invoke(NativeMethodAccessorImpl.java:62)
	at sun.reflect.DelegatingMethodAccessorImpl.invoke(DelegatingMethodAccessorImpl.java:43)
	at java.lang.reflect.Method.invoke(Method.java:498)
	at org.eclipse.equinox.internal.ds.model.ServiceComponent.activate(ServiceComponent.java:260)
	at org.eclipse.equinox.internal.ds.model.ServiceComponentProp.activate(ServiceComponentProp.java:146)
	at org.eclipse.equinox.internal.ds.model.ServiceComponentProp.build(ServiceComponentProp.java:345)
	at org.eclipse.equinox.internal.ds.InstanceProcess.buildComponent(InstanceProcess.java:620)
	at org.eclipse.equinox.internal.ds.InstanceProcess.buildComponents(InstanceProcess.java:197)
	at org.eclipse.equinox.internal.ds.Resolver.getEligible(Resolver.java:343)
	at org.eclipse.equinox.internal.ds.SCRManager.serviceChanged(SCRManager.java:222)
	at org.eclipse.osgi.internal.serviceregistry.FilteredServiceListener.serviceChanged(FilteredServiceListener.java:107)
	at org.eclipse.osgi.framework.internal.core.BundleContextImpl.dispatchEvent(BundleContextImpl.java:861)
	at org.eclipse.osgi.framework.eventmgr.EventManager.dispatchEvent(EventManager.java:230)
	at org.eclipse.osgi.framework.eventmgr.ListenerQueue.dispatchEventSynchronous(ListenerQueue.java:148)
	at org.eclipse.osgi.internal.serviceregistry.ServiceRegistry.publishServiceEventPrivileged(ServiceRegistry.java:819)
	at org.eclipse.osgi.internal.serviceregistry.ServiceRegistry.publishServiceEvent(ServiceRegistry.java:771)
	at org.eclipse.osgi.internal.serviceregistry.ServiceRegistrationImpl.register(ServiceRegistrationImpl.java:130)
	at org.eclipse.osgi.internal.serviceregistry.ServiceRegistry.registerService(ServiceRegistry.java:214)
	at org.eclipse.osgi.framework.internal.core.BundleContextImpl.registerService(BundleContextImpl.java:433)
	at org.eclipse.osgi.framework.internal.core.BundleContextImpl.registerService(BundleContextImpl.java:451)
	at org.wso2.carbon.inbound.endpoint.persistence.service.InboundEndpointPersistenceServiceDSComponent.activate(InboundEndpointPersistenceServiceDSComponent.java:49)
	at sun.reflect.NativeMethodAccessorImpl.invoke0(Native Method)
	at sun.reflect.NativeMethodAccessorImpl.invoke(NativeMethodAccessorImpl.java:62)
	at sun.reflect.DelegatingMethodAccessorImpl.invoke(DelegatingMethodAccessorImpl.java:43)
	at java.lang.reflect.Method.invoke(Method.java:498)
	at org.eclipse.equinox.internal.ds.model.ServiceComponent.activate(ServiceComponent.java:260)
	at org.eclipse.equinox.internal.ds.model.ServiceComponentProp.activate(ServiceComponentProp.java:146)
	at org.eclipse.equinox.internal.ds.model.ServiceComponentProp.build(ServiceComponentProp.java:345)
	at org.eclipse.equinox.internal.ds.InstanceProcess.buildComponent(InstanceProcess.java:620)
	at org.eclipse.equinox.internal.ds.InstanceProcess.buildComponents(InstanceProcess.java:197)
	at org.eclipse.equinox.internal.ds.Resolver.getEligible(Resolver.java:343)
	at org.eclipse.equinox.internal.ds.SCRManager.serviceChanged(SCRManager.java:222)
	at org.eclipse.osgi.internal.serviceregistry.FilteredServiceListener.serviceChanged(FilteredServiceListener.java:107)
	at org.eclipse.osgi.framework.internal.core.BundleContextImpl.dispatchEvent(BundleContextImpl.java:861)
	at org.eclipse.osgi.framework.eventmgr.EventManager.dispatchEvent(EventManager.java:230)
	at org.eclipse.osgi.framework.eventmgr.ListenerQueue.dispatchEventSynchronous(ListenerQueue.java:148)
	at org.eclipse.osgi.internal.serviceregistry.ServiceRegistry.publishServiceEventPrivileged(ServiceRegistry.java:819)
	at org.eclipse.osgi.internal.serviceregistry.ServiceRegistry.publishServiceEvent(ServiceRegistry.java:771)
	at org.eclipse.osgi.internal.serviceregistry.ServiceRegistrationImpl.register(ServiceRegistrationImpl.java:130)
	at org.eclipse.osgi.internal.serviceregistry.ServiceRegistry.registerService(ServiceRegistry.java:214)
	at org.eclipse.osgi.framework.internal.core.BundleContextImpl.registerService(BundleContextImpl.java:433)
	at org.eclipse.osgi.framework.internal.core.BundleContextImpl.registerService(BundleContextImpl.java:451)
	at org.wso2.carbon.core.init.CarbonServerManager.initializeCarbon(CarbonServerManager.java:514)
	at org.wso2.carbon.core.init.CarbonServerManager.start(CarbonServerManager.java:219)
	at org.wso2.carbon.core.internal.CarbonCoreServiceComponent.activate(CarbonCoreServiceComponent.java:94)
	at sun.reflect.NativeMethodAccessorImpl.invoke0(Native Method)
	at sun.reflect.NativeMethodAccessorImpl.invoke(NativeMethodAccessorImpl.java:62)
	at sun.reflect.DelegatingMethodAccessorImpl.invoke(DelegatingMethodAccessorImpl.java:43)
	at java.lang.reflect.Method.invoke(Method.java:498)
	at org.eclipse.equinox.internal.ds.model.ServiceComponent.activate(ServiceComponent.java:260)
	at org.eclipse.equinox.internal.ds.model.ServiceComponentProp.activate(ServiceComponentProp.java:146)
	at org.eclipse.equinox.internal.ds.model.ServiceComponentProp.build(ServiceComponentProp.java:345)
	at org.eclipse.equinox.internal.ds.InstanceProcess.buildComponent(InstanceProcess.java:620)
	at org.eclipse.equinox.internal.ds.InstanceProcess.buildComponents(InstanceProcess.java:197)
	at org.eclipse.equinox.internal.ds.Resolver.getEligible(Resolver.java:343)
	at org.eclipse.equinox.internal.ds.SCRManager.serviceChanged(SCRManager.java:222)
	at org.eclipse.osgi.internal.serviceregistry.FilteredServiceListener.serviceChanged(FilteredServiceListener.java:107)
	at org.eclipse.osgi.framework.internal.core.BundleContextImpl.dispatchEvent(BundleContextImpl.java:861)
	at org.eclipse.osgi.framework.eventmgr.EventManager.dispatchEvent(EventManager.java:230)
	at org.eclipse.osgi.framework.eventmgr.ListenerQueue.dispatchEventSynchronous(ListenerQueue.java:148)
	at org.eclipse.osgi.internal.serviceregistry.ServiceRegistry.publishServiceEventPrivileged(ServiceRegistry.java:819)
	at org.eclipse.osgi.internal.serviceregistry.ServiceRegistry.publishServiceEvent(ServiceRegistry.java:771)
	at org.eclipse.osgi.internal.serviceregistry.ServiceRegistrationImpl.register(ServiceRegistrationImpl.java:130)
	at org.eclipse.osgi.internal.serviceregistry.ServiceRegistry.registerService(ServiceRegistry.java:214)
	at org.eclipse.osgi.framework.internal.core.BundleContextImpl.registerService(BundleContextImpl.java:433)
	at org.eclipse.equinox.http.servlet.internal.Activator.registerHttpService(Activator.java:81)
	at org.eclipse.equinox.http.servlet.internal.Activator.addProxyServlet(Activator.java:60)
	at org.eclipse.equinox.http.servlet.internal.ProxyServlet.init(ProxyServlet.java:40)
	at org.wso2.carbon.tomcat.ext.servlet.DelegationServlet.init(DelegationServlet.java:38)
	at org.apache.catalina.core.StandardWrapper.initServlet(StandardWrapper.java:1269)
	at org.apache.catalina.core.StandardWrapper.loadServlet(StandardWrapper.java:1182)
	at org.apache.catalina.core.StandardWrapper.load(StandardWrapper.java:1072)
	at org.apache.catalina.core.StandardContext.loadOnStartup(StandardContext.java:5368)
	at org.apache.catalina.core.StandardContext.startInternal(StandardContext.java:5660)
	at org.apache.catalina.util.LifecycleBase.start(LifecycleBase.java:145)
	at org.apache.catalina.core.ContainerBase$StartChild.call(ContainerBase.java:1571)
	at org.apache.catalina.core.ContainerBase$StartChild.call(ContainerBase.java:1561)
	at java.util.concurrent.FutureTask.run(FutureTask.java:266)
	at java.util.concurrent.ThreadPoolExecutor.runWorker(ThreadPoolExecutor.java:1142)
	at java.util.concurrent.ThreadPoolExecutor$Worker.run(ThreadPoolExecutor.java:617)
	at java.lang.Thread.run(Thread.java:748)
2017-11-30 14:32:33,871 [-] [localhost-startStop-1]  WARN AndesConfigurationManager Error when trying to read property : transaction/maxWaitTimeout. Switching to default value : 30
2017-11-30 14:32:34,096 [-] [localhost-startStop-1]  WARN QpidServiceComponent MQTT Transport is disabled as per configuration.
2017-11-30 14:42:34,853 [-] [HTTPS-Listener I/O dispatcher-1]  WARN AccessConfiguration Error loading properties from file: access-log.properties
2017-11-30 14:42:34,886 [-] [PassThroughMessageProcessor-1] ERROR DeliveryAgent Malformed URL in the target EPR
java.net.MalformedURLException: For input string: "{uri.var.portnum}"
	at java.net.URL.<init>(URL.java:627)
	at java.net.URL.<init>(URL.java:490)
	at java.net.URL.<init>(URL.java:439)
	at org.apache.synapse.transport.passthru.DeliveryAgent.submit(DeliveryAgent.java:110)
	at org.apache.synapse.transport.passthru.PassThroughHttpSender.invoke(PassThroughHttpSender.java:255)
	at org.apache.axis2.engine.AxisEngine.send(AxisEngine.java:442)
	at org.apache.synapse.core.axis2.DynamicAxisOperation$DynamicOperationClient.send(DynamicAxisOperation.java:185)
	at org.apache.synapse.core.axis2.DynamicAxisOperation$DynamicOperationClient.executeImpl(DynamicAxisOperation.java:167)
	at org.apache.axis2.client.OperationClient.execute(OperationClient.java:149)
	at org.apache.synapse.core.axis2.Axis2FlexibleMEPClient.send(Axis2FlexibleMEPClient.java:592)
	at org.apache.synapse.core.axis2.Axis2Sender.sendOn(Axis2Sender.java:83)
	at org.apache.synapse.core.axis2.Axis2SynapseEnvironment.send(Axis2SynapseEnvironment.java:548)
	at org.apache.synapse.endpoints.AbstractEndpoint.send(AbstractEndpoint.java:382)
	at org.apache.synapse.endpoints.HTTPEndpoint.send(HTTPEndpoint.java:85)
	at org.apache.synapse.mediators.builtin.SendMediator.mediate(SendMediator.java:121)
	at org.apache.synapse.mediators.AbstractListMediator.mediate(AbstractListMediator.java:97)
	at org.apache.synapse.mediators.AbstractListMediator.mediate(AbstractListMediator.java:59)
	at org.apache.synapse.mediators.base.SequenceMediator.mediate(SequenceMediator.java:158)
	at org.apache.synapse.rest.Resource.process(Resource.java:343)
	at org.apache.synapse.rest.API.process(API.java:399)
	at org.apache.synapse.rest.RESTRequestHandler.apiProcess(RESTRequestHandler.java:123)
	at org.apache.synapse.rest.RESTRequestHandler.dispatchToAPI(RESTRequestHandler.java:101)
	at org.apache.synapse.rest.RESTRequestHandler.process(RESTRequestHandler.java:69)
	at org.apache.synapse.core.axis2.Axis2SynapseEnvironment.injectMessage(Axis2SynapseEnvironment.java:304)
	at org.apache.synapse.core.axis2.SynapseMessageReceiver.receive(SynapseMessageReceiver.java:78)
	at org.apache.axis2.engine.AxisEngine.receive(AxisEngine.java:180)
	at org.apache.synapse.transport.passthru.ServerWorker.processNonEntityEnclosingRESTHandler(ServerWorker.java:325)
	at org.apache.synapse.transport.passthru.ServerWorker.processEntityEnclosingRequest(ServerWorker.java:371)
	at org.apache.synapse.transport.passthru.ServerWorker.run(ServerWorker.java:151)
	at org.apache.axis2.transport.base.threads.NativeWorkerPool$1.run(NativeWorkerPool.java:172)
	at java.util.concurrent.ThreadPoolExecutor.runWorker(ThreadPoolExecutor.java:1142)
	at java.util.concurrent.ThreadPoolExecutor$Worker.run(ThreadPoolExecutor.java:617)
	at java.lang.Thread.run(Thread.java:748)
Caused by: java.lang.NumberFormatException: For input string: "{uri.var.portnum}"
	at java.lang.NumberFormatException.forInputString(NumberFormatException.java:65)
	at java.lang.Integer.parseInt(Integer.java:580)
	at java.lang.Integer.parseInt(Integer.java:615)
	at java.net.URLStreamHandler.parseURL(URLStreamHandler.java:222)
	at java.net.URL.<init>(URL.java:622)
	... 32 more
2017-11-30 14:42:34,888 [-] [PassThroughMessageProcessor-1] ERROR Axis2Sender Unexpected error during sending message out
org.apache.axis2.AxisFault: Malformed URL in the target EPR
	at org.apache.synapse.transport.passthru.DeliveryAgent.handleException(DeliveryAgent.java:285)
	at org.apache.synapse.transport.passthru.DeliveryAgent.submit(DeliveryAgent.java:171)
	at org.apache.synapse.transport.passthru.PassThroughHttpSender.invoke(PassThroughHttpSender.java:255)
	at org.apache.axis2.engine.AxisEngine.send(AxisEngine.java:442)
	at org.apache.synapse.core.axis2.DynamicAxisOperation$DynamicOperationClient.send(DynamicAxisOperation.java:185)
	at org.apache.synapse.core.axis2.DynamicAxisOperation$DynamicOperationClient.executeImpl(DynamicAxisOperation.java:167)
	at org.apache.axis2.client.OperationClient.execute(OperationClient.java:149)
	at org.apache.synapse.core.axis2.Axis2FlexibleMEPClient.send(Axis2FlexibleMEPClient.java:592)
	at org.apache.synapse.core.axis2.Axis2Sender.sendOn(Axis2Sender.java:83)
	at org.apache.synapse.core.axis2.Axis2SynapseEnvironment.send(Axis2SynapseEnvironment.java:548)
	at org.apache.synapse.endpoints.AbstractEndpoint.send(AbstractEndpoint.java:382)
	at org.apache.synapse.endpoints.HTTPEndpoint.send(HTTPEndpoint.java:85)
	at org.apache.synapse.mediators.builtin.SendMediator.mediate(SendMediator.java:121)
	at org.apache.synapse.mediators.AbstractListMediator.mediate(AbstractListMediator.java:97)
	at org.apache.synapse.mediators.AbstractListMediator.mediate(AbstractListMediator.java:59)
	at org.apache.synapse.mediators.base.SequenceMediator.mediate(SequenceMediator.java:158)
	at org.apache.synapse.rest.Resource.process(Resource.java:343)
	at org.apache.synapse.rest.API.process(API.java:399)
	at org.apache.synapse.rest.RESTRequestHandler.apiProcess(RESTRequestHandler.java:123)
	at org.apache.synapse.rest.RESTRequestHandler.dispatchToAPI(RESTRequestHandler.java:101)
	at org.apache.synapse.rest.RESTRequestHandler.process(RESTRequestHandler.java:69)
	at org.apache.synapse.core.axis2.Axis2SynapseEnvironment.injectMessage(Axis2SynapseEnvironment.java:304)
	at org.apache.synapse.core.axis2.SynapseMessageReceiver.receive(SynapseMessageReceiver.java:78)
	at org.apache.axis2.engine.AxisEngine.receive(AxisEngine.java:180)
	at org.apache.synapse.transport.passthru.ServerWorker.processNonEntityEnclosingRESTHandler(ServerWorker.java:325)
	at org.apache.synapse.transport.passthru.ServerWorker.processEntityEnclosingRequest(ServerWorker.java:371)
	at org.apache.synapse.transport.passthru.ServerWorker.run(ServerWorker.java:151)
	at org.apache.axis2.transport.base.threads.NativeWorkerPool$1.run(NativeWorkerPool.java:172)
	at java.util.concurrent.ThreadPoolExecutor.runWorker(ThreadPoolExecutor.java:1142)
	at java.util.concurrent.ThreadPoolExecutor$Worker.run(ThreadPoolExecutor.java:617)
	at java.lang.Thread.run(Thread.java:748)
Caused by: java.net.MalformedURLException: For input string: "{uri.var.portnum}"
	at java.net.URL.<init>(URL.java:627)
	at java.net.URL.<init>(URL.java:490)
	at java.net.URL.<init>(URL.java:439)
	at org.apache.synapse.transport.passthru.DeliveryAgent.submit(DeliveryAgent.java:110)
	... 29 more
Caused by: java.lang.NumberFormatException: For input string: "{uri.var.portnum}"
	at java.lang.NumberFormatException.forInputString(NumberFormatException.java:65)
	at java.lang.Integer.parseInt(Integer.java:580)
	at java.lang.Integer.parseInt(Integer.java:615)
	at java.net.URLStreamHandler.parseURL(URLStreamHandler.java:222)
	at java.net.URL.<init>(URL.java:622)
	... 32 more
2017-11-30 14:42:34,894 [-] [PassThroughMessageProcessor-1]  WARN EndpointContext Endpoint : AnonymousEndpoint with address https://{uri.var.hostname}:{uri.var.portnum}/oauth2/token will be marked SUSPENDED as it failed
2017-11-30 14:42:34,894 [-] [PassThroughMessageProcessor-1]  WARN EndpointContext Suspending endpoint : AnonymousEndpoint with address https://{uri.var.hostname}:{uri.var.portnum}/oauth2/token - current suspend duration is : 30000ms - Next retry after : Thu Nov 30 14:43:04 IST 2017
2017-11-30 14:43:44,639 [-] [PassThroughMessageProcessor-2] ERROR DeliveryAgent Malformed URL in the target EPR
java.net.MalformedURLException: For input string: "{uri.var.portnum}"
	at java.net.URL.<init>(URL.java:627)
	at java.net.URL.<init>(URL.java:490)
	at java.net.URL.<init>(URL.java:439)
	at org.apache.synapse.transport.passthru.DeliveryAgent.submit(DeliveryAgent.java:110)
	at org.apache.synapse.transport.passthru.PassThroughHttpSender.invoke(PassThroughHttpSender.java:255)
	at org.apache.axis2.engine.AxisEngine.send(AxisEngine.java:442)
	at org.apache.synapse.core.axis2.DynamicAxisOperation$DynamicOperationClient.send(DynamicAxisOperation.java:185)
	at org.apache.synapse.core.axis2.DynamicAxisOperation$DynamicOperationClient.executeImpl(DynamicAxisOperation.java:167)
	at org.apache.axis2.client.OperationClient.execute(OperationClient.java:149)
	at org.apache.synapse.core.axis2.Axis2FlexibleMEPClient.send(Axis2FlexibleMEPClient.java:592)
	at org.apache.synapse.core.axis2.Axis2Sender.sendOn(Axis2Sender.java:83)
	at org.apache.synapse.core.axis2.Axis2SynapseEnvironment.send(Axis2SynapseEnvironment.java:548)
	at org.apache.synapse.endpoints.AbstractEndpoint.send(AbstractEndpoint.java:382)
	at org.apache.synapse.endpoints.HTTPEndpoint.send(HTTPEndpoint.java:85)
	at org.apache.synapse.mediators.builtin.SendMediator.mediate(SendMediator.java:121)
	at org.apache.synapse.mediators.AbstractListMediator.mediate(AbstractListMediator.java:97)
	at org.apache.synapse.mediators.AbstractListMediator.mediate(AbstractListMediator.java:59)
	at org.apache.synapse.mediators.base.SequenceMediator.mediate(SequenceMediator.java:158)
	at org.apache.synapse.rest.Resource.process(Resource.java:343)
	at org.apache.synapse.rest.API.process(API.java:399)
	at org.apache.synapse.rest.RESTRequestHandler.apiProcess(RESTRequestHandler.java:123)
	at org.apache.synapse.rest.RESTRequestHandler.dispatchToAPI(RESTRequestHandler.java:101)
	at org.apache.synapse.rest.RESTRequestHandler.process(RESTRequestHandler.java:69)
	at org.apache.synapse.core.axis2.Axis2SynapseEnvironment.injectMessage(Axis2SynapseEnvironment.java:304)
	at org.apache.synapse.core.axis2.SynapseMessageReceiver.receive(SynapseMessageReceiver.java:78)
	at org.apache.axis2.engine.AxisEngine.receive(AxisEngine.java:180)
	at org.apache.synapse.transport.passthru.ServerWorker.processNonEntityEnclosingRESTHandler(ServerWorker.java:325)
	at org.apache.synapse.transport.passthru.ServerWorker.processEntityEnclosingRequest(ServerWorker.java:371)
	at org.apache.synapse.transport.passthru.ServerWorker.run(ServerWorker.java:151)
	at org.apache.axis2.transport.base.threads.NativeWorkerPool$1.run(NativeWorkerPool.java:172)
	at java.util.concurrent.ThreadPoolExecutor.runWorker(ThreadPoolExecutor.java:1142)
	at java.util.concurrent.ThreadPoolExecutor$Worker.run(ThreadPoolExecutor.java:617)
	at java.lang.Thread.run(Thread.java:748)
Caused by: java.lang.NumberFormatException: For input string: "{uri.var.portnum}"
	at java.lang.NumberFormatException.forInputString(NumberFormatException.java:65)
	at java.lang.Integer.parseInt(Integer.java:580)
	at java.lang.Integer.parseInt(Integer.java:615)
	at java.net.URLStreamHandler.parseURL(URLStreamHandler.java:222)
	at java.net.URL.<init>(URL.java:622)
	... 32 more
2017-11-30 14:43:44,641 [-] [PassThroughMessageProcessor-2] ERROR Axis2Sender Unexpected error during sending message out
org.apache.axis2.AxisFault: Malformed URL in the target EPR
	at org.apache.synapse.transport.passthru.DeliveryAgent.handleException(DeliveryAgent.java:285)
	at org.apache.synapse.transport.passthru.DeliveryAgent.submit(DeliveryAgent.java:171)
	at org.apache.synapse.transport.passthru.PassThroughHttpSender.invoke(PassThroughHttpSender.java:255)
	at org.apache.axis2.engine.AxisEngine.send(AxisEngine.java:442)
	at org.apache.synapse.core.axis2.DynamicAxisOperation$DynamicOperationClient.send(DynamicAxisOperation.java:185)
	at org.apache.synapse.core.axis2.DynamicAxisOperation$DynamicOperationClient.executeImpl(DynamicAxisOperation.java:167)
	at org.apache.axis2.client.OperationClient.execute(OperationClient.java:149)
	at org.apache.synapse.core.axis2.Axis2FlexibleMEPClient.send(Axis2FlexibleMEPClient.java:592)
	at org.apache.synapse.core.axis2.Axis2Sender.sendOn(Axis2Sender.java:83)
	at org.apache.synapse.core.axis2.Axis2SynapseEnvironment.send(Axis2SynapseEnvironment.java:548)
	at org.apache.synapse.endpoints.AbstractEndpoint.send(AbstractEndpoint.java:382)
	at org.apache.synapse.endpoints.HTTPEndpoint.send(HTTPEndpoint.java:85)
	at org.apache.synapse.mediators.builtin.SendMediator.mediate(SendMediator.java:121)
	at org.apache.synapse.mediators.AbstractListMediator.mediate(AbstractListMediator.java:97)
	at org.apache.synapse.mediators.AbstractListMediator.mediate(AbstractListMediator.java:59)
	at org.apache.synapse.mediators.base.SequenceMediator.mediate(SequenceMediator.java:158)
	at org.apache.synapse.rest.Resource.process(Resource.java:343)
	at org.apache.synapse.rest.API.process(API.java:399)
	at org.apache.synapse.rest.RESTRequestHandler.apiProcess(RESTRequestHandler.java:123)
	at org.apache.synapse.rest.RESTRequestHandler.dispatchToAPI(RESTRequestHandler.java:101)
	at org.apache.synapse.rest.RESTRequestHandler.process(RESTRequestHandler.java:69)
	at org.apache.synapse.core.axis2.Axis2SynapseEnvironment.injectMessage(Axis2SynapseEnvironment.java:304)
	at org.apache.synapse.core.axis2.SynapseMessageReceiver.receive(SynapseMessageReceiver.java:78)
	at org.apache.axis2.engine.AxisEngine.receive(AxisEngine.java:180)
	at org.apache.synapse.transport.passthru.ServerWorker.processNonEntityEnclosingRESTHandler(ServerWorker.java:325)
	at org.apache.synapse.transport.passthru.ServerWorker.processEntityEnclosingRequest(ServerWorker.java:371)
	at org.apache.synapse.transport.passthru.ServerWorker.run(ServerWorker.java:151)
	at org.apache.axis2.transport.base.threads.NativeWorkerPool$1.run(NativeWorkerPool.java:172)
	at java.util.concurrent.ThreadPoolExecutor.runWorker(ThreadPoolExecutor.java:1142)
	at java.util.concurrent.ThreadPoolExecutor$Worker.run(ThreadPoolExecutor.java:617)
	at java.lang.Thread.run(Thread.java:748)
Caused by: java.net.MalformedURLException: For input string: "{uri.var.portnum}"
	at java.net.URL.<init>(URL.java:627)
	at java.net.URL.<init>(URL.java:490)
	at java.net.URL.<init>(URL.java:439)
	at org.apache.synapse.transport.passthru.DeliveryAgent.submit(DeliveryAgent.java:110)
	... 29 more
Caused by: java.lang.NumberFormatException: For input string: "{uri.var.portnum}"
	at java.lang.NumberFormatException.forInputString(NumberFormatException.java:65)
	at java.lang.Integer.parseInt(Integer.java:580)
	at java.lang.Integer.parseInt(Integer.java:615)
	at java.net.URLStreamHandler.parseURL(URLStreamHandler.java:222)
	at java.net.URL.<init>(URL.java:622)
	... 32 more
2017-11-30 14:43:44,644 [-] [PassThroughMessageProcessor-2]  WARN EndpointContext Endpoint : AnonymousEndpoint with address https://{uri.var.hostname}:{uri.var.portnum}/oauth2/token will be marked SUSPENDED as it failed
2017-11-30 14:43:44,644 [-] [PassThroughMessageProcessor-2]  WARN EndpointContext Suspending endpoint : AnonymousEndpoint with address https://{uri.var.hostname}:{uri.var.portnum}/oauth2/token - last suspend duration was : 30000ms and current suspend duration is : 30000ms - Next retry after : Thu Nov 30 14:44:14 IST 2017
2017-11-30 14:43:49,902 [-] [Timer-6]  WARN TimeoutHandler Expiring message ID : urn:uuid:f673e235-f154-4fa7-952e-782e9489bc33; dropping message after ENDPOINT_TIMEOUT of : 60 seconds for null, URI : https://{uri.var.hostname}:{uri.var.portnum}/oauth2/token, Received through API : _WSO2AMTokenAPI_
2017-11-30 14:44:49,891 [-] [Timer-6]  WARN TimeoutHandler Expiring message ID : urn:uuid:7de74108-1fca-48ff-bdcb-dbedf0dac4fd; dropping message after ENDPOINT_TIMEOUT of : 60 seconds for null, URI : https://{uri.var.hostname}:{uri.var.portnum}/oauth2/token, Received through API : _WSO2AMTokenAPI_
2017-11-30 14:48:42,284 [-] [Start Level Event Dispatcher]  WARN ValidationResultPrinter Carbon is configured to use the default keystore (wso2carbon.jks). To maximize security when deploying to a production environment, configure a new keystore with a unique password in the production server profile.
2017-11-30 14:48:56,761 [-] [localhost-startStop-1] ERROR APIManagerConfiguration com.ctc.wstx.exc.WstxUnexpectedCharException: Unexpected character ' ' (code 32) in content after '<' (malformed start element?).
 at [row,col {unknown-source}]: [31,10]
2017-11-30 14:48:56,762 [-] [localhost-startStop-1] ERROR APIManagerComponent Error while initializing the API manager component
org.wso2.carbon.apimgt.api.APIManagementException: Error while parsing API Manager configuration: /home/buddhimala/Desktop/PAR3/uptonowapim_backup/GW/repository/conf/api-manager.xml
	at org.wso2.carbon.apimgt.impl.APIManagerConfiguration.load(APIManagerConfiguration.java:132)
	at org.wso2.carbon.apimgt.impl.internal.APIManagerComponent.activate(APIManagerComponent.java:148)
	at sun.reflect.NativeMethodAccessorImpl.invoke0(Native Method)
	at sun.reflect.NativeMethodAccessorImpl.invoke(NativeMethodAccessorImpl.java:62)
	at sun.reflect.DelegatingMethodAccessorImpl.invoke(DelegatingMethodAccessorImpl.java:43)
	at java.lang.reflect.Method.invoke(Method.java:498)
	at org.eclipse.equinox.internal.ds.model.ServiceComponent.activate(ServiceComponent.java:260)
	at org.eclipse.equinox.internal.ds.model.ServiceComponentProp.activate(ServiceComponentProp.java:146)
	at org.eclipse.equinox.internal.ds.model.ServiceComponentProp.build(ServiceComponentProp.java:345)
	at org.eclipse.equinox.internal.ds.InstanceProcess.buildComponent(InstanceProcess.java:620)
	at org.eclipse.equinox.internal.ds.InstanceProcess.buildComponents(InstanceProcess.java:197)
	at org.eclipse.equinox.internal.ds.Resolver.getEligible(Resolver.java:343)
	at org.eclipse.equinox.internal.ds.SCRManager.serviceChanged(SCRManager.java:222)
	at org.eclipse.osgi.internal.serviceregistry.FilteredServiceListener.serviceChanged(FilteredServiceListener.java:107)
	at org.eclipse.osgi.framework.internal.core.BundleContextImpl.dispatchEvent(BundleContextImpl.java:861)
	at org.eclipse.osgi.framework.eventmgr.EventManager.dispatchEvent(EventManager.java:230)
	at org.eclipse.osgi.framework.eventmgr.ListenerQueue.dispatchEventSynchronous(ListenerQueue.java:148)
	at org.eclipse.osgi.internal.serviceregistry.ServiceRegistry.publishServiceEventPrivileged(ServiceRegistry.java:819)
	at org.eclipse.osgi.internal.serviceregistry.ServiceRegistry.publishServiceEvent(ServiceRegistry.java:771)
	at org.eclipse.osgi.internal.serviceregistry.ServiceRegistrationImpl.register(ServiceRegistrationImpl.java:130)
	at org.eclipse.osgi.internal.serviceregistry.ServiceRegistry.registerService(ServiceRegistry.java:214)
	at org.eclipse.osgi.framework.internal.core.BundleContextImpl.registerService(BundleContextImpl.java:433)
	at org.eclipse.osgi.framework.internal.core.BundleContextImpl.registerService(BundleContextImpl.java:451)
	at org.wso2.carbon.core.init.CarbonServerManager.initializeCarbon(CarbonServerManager.java:514)
	at org.wso2.carbon.core.init.CarbonServerManager.start(CarbonServerManager.java:219)
	at org.wso2.carbon.core.internal.CarbonCoreServiceComponent.activate(CarbonCoreServiceComponent.java:94)
	at sun.reflect.NativeMethodAccessorImpl.invoke0(Native Method)
	at sun.reflect.NativeMethodAccessorImpl.invoke(NativeMethodAccessorImpl.java:62)
	at sun.reflect.DelegatingMethodAccessorImpl.invoke(DelegatingMethodAccessorImpl.java:43)
	at java.lang.reflect.Method.invoke(Method.java:498)
	at org.eclipse.equinox.internal.ds.model.ServiceComponent.activate(ServiceComponent.java:260)
	at org.eclipse.equinox.internal.ds.model.ServiceComponentProp.activate(ServiceComponentProp.java:146)
	at org.eclipse.equinox.internal.ds.model.ServiceComponentProp.build(ServiceComponentProp.java:345)
	at org.eclipse.equinox.internal.ds.InstanceProcess.buildComponent(InstanceProcess.java:620)
	at org.eclipse.equinox.internal.ds.InstanceProcess.buildComponents(InstanceProcess.java:197)
	at org.eclipse.equinox.internal.ds.Resolver.getEligible(Resolver.java:343)
	at org.eclipse.equinox.internal.ds.SCRManager.serviceChanged(SCRManager.java:222)
	at org.eclipse.osgi.internal.serviceregistry.FilteredServiceListener.serviceChanged(FilteredServiceListener.java:107)
	at org.eclipse.osgi.framework.internal.core.BundleContextImpl.dispatchEvent(BundleContextImpl.java:861)
	at org.eclipse.osgi.framework.eventmgr.EventManager.dispatchEvent(EventManager.java:230)
	at org.eclipse.osgi.framework.eventmgr.ListenerQueue.dispatchEventSynchronous(ListenerQueue.java:148)
	at org.eclipse.osgi.internal.serviceregistry.ServiceRegistry.publishServiceEventPrivileged(ServiceRegistry.java:819)
	at org.eclipse.osgi.internal.serviceregistry.ServiceRegistry.publishServiceEvent(ServiceRegistry.java:771)
	at org.eclipse.osgi.internal.serviceregistry.ServiceRegistrationImpl.register(ServiceRegistrationImpl.java:130)
	at org.eclipse.osgi.internal.serviceregistry.ServiceRegistry.registerService(ServiceRegistry.java:214)
	at org.eclipse.osgi.framework.internal.core.BundleContextImpl.registerService(BundleContextImpl.java:433)
	at org.eclipse.equinox.http.servlet.internal.Activator.registerHttpService(Activator.java:81)
	at org.eclipse.equinox.http.servlet.internal.Activator.addProxyServlet(Activator.java:60)
	at org.eclipse.equinox.http.servlet.internal.ProxyServlet.init(ProxyServlet.java:40)
	at org.wso2.carbon.tomcat.ext.servlet.DelegationServlet.init(DelegationServlet.java:38)
	at org.apache.catalina.core.StandardWrapper.initServlet(StandardWrapper.java:1269)
	at org.apache.catalina.core.StandardWrapper.loadServlet(StandardWrapper.java:1182)
	at org.apache.catalina.core.StandardWrapper.load(StandardWrapper.java:1072)
	at org.apache.catalina.core.StandardContext.loadOnStartup(StandardContext.java:5368)
	at org.apache.catalina.core.StandardContext.startInternal(StandardContext.java:5660)
	at org.apache.catalina.util.LifecycleBase.start(LifecycleBase.java:145)
	at org.apache.catalina.core.ContainerBase$StartChild.call(ContainerBase.java:1571)
	at org.apache.catalina.core.ContainerBase$StartChild.call(ContainerBase.java:1561)
	at java.util.concurrent.FutureTask.run(FutureTask.java:266)
	at java.util.concurrent.ThreadPoolExecutor.runWorker(ThreadPoolExecutor.java:1142)
	at java.util.concurrent.ThreadPoolExecutor$Worker.run(ThreadPoolExecutor.java:617)
	at java.lang.Thread.run(Thread.java:748)
Caused by: org.apache.axiom.om.OMException: com.ctc.wstx.exc.WstxUnexpectedCharException: Unexpected character ' ' (code 32) in content after '<' (malformed start element?).
 at [row,col {unknown-source}]: [31,10]
	at org.apache.axiom.om.impl.builder.StAXOMBuilder.next(StAXOMBuilder.java:296)
	at org.apache.axiom.om.impl.llom.OMElementImpl.getNextOMSibling(OMElementImpl.java:336)
	at org.apache.axiom.om.impl.traverse.OMChildElementIterator.next(OMChildElementIterator.java:104)
	at org.wso2.carbon.apimgt.impl.APIManagerConfiguration.readChildElements(APIManagerConfiguration.java:174)
	at org.wso2.carbon.apimgt.impl.APIManagerConfiguration.load(APIManagerConfiguration.java:115)
	... 61 more
Caused by: com.ctc.wstx.exc.WstxUnexpectedCharException: Unexpected character ' ' (code 32) in content after '<' (malformed start element?).
 at [row,col {unknown-source}]: [31,10]
	at com.ctc.wstx.sr.StreamScanner.throwUnexpectedChar(StreamScanner.java:639)
	at com.ctc.wstx.sr.BasicStreamReader.nextFromTree(BasicStreamReader.java:2843)
	at com.ctc.wstx.sr.BasicStreamReader.next(BasicStreamReader.java:1072)
	at org.apache.axiom.om.impl.builder.StAXOMBuilder.parserNext(StAXOMBuilder.java:681)
	at org.apache.axiom.om.impl.builder.StAXOMBuilder.next(StAXOMBuilder.java:214)
	... 65 more
2017-11-30 14:49:15,518 [-] [localhost-startStop-1] ERROR APIMgtUsageDataBridgeDataPublisher Error initializing APIMgtUsageDataBridgeDataPublisher
java.lang.NullPointerException
	at org.wso2.carbon.apimgt.usage.publisher.internal.UsageComponent.getDataPublisher(UsageComponent.java:89)
	at org.wso2.carbon.apimgt.usage.publisher.APIMgtUsageDataBridgeDataPublisher.getDataPublisher(APIMgtUsageDataBridgeDataPublisher.java:136)
	at org.wso2.carbon.apimgt.usage.publisher.APIMgtUsageDataBridgeDataPublisher.init(APIMgtUsageDataBridgeDataPublisher.java:46)
	at org.wso2.carbon.apimgt.gateway.handlers.WebsocketInboundHandler.<init>(WebsocketInboundHandler.java:77)
	at org.wso2.carbon.apimgt.gateway.handlers.WebsocketHandler.<init>(WebsocketHandler.java:28)
	at sun.reflect.NativeConstructorAccessorImpl.newInstance0(Native Method)
	at sun.reflect.NativeConstructorAccessorImpl.newInstance(NativeConstructorAccessorImpl.java:62)
	at sun.reflect.DelegatingConstructorAccessorImpl.newInstance(DelegatingConstructorAccessorImpl.java:45)
	at java.lang.reflect.Constructor.newInstance(Constructor.java:423)
	at org.wso2.carbon.inbound.endpoint.protocol.websocket.PipelineHandlerBuilderUtil.stringToPipelineHandlers(PipelineHandlerBuilderUtil.java:49)
	at org.wso2.carbon.inbound.endpoint.protocol.websocket.management.WebsocketEndpointManager.startListener(WebsocketEndpointManager.java:134)
	at org.wso2.carbon.inbound.endpoint.protocol.websocket.management.WebsocketEndpointManager.startEndpoint(WebsocketEndpointManager.java:74)
	at org.wso2.carbon.inbound.endpoint.protocol.websocket.InboundWebsocketListener.init(InboundWebsocketListener.java:52)
	at org.apache.synapse.inbound.InboundEndpoint.init(InboundEndpoint.java:79)
	at org.apache.synapse.config.SynapseConfiguration.init(SynapseConfiguration.java:1530)
	at org.apache.synapse.Axis2SynapseController.createSynapseEnvironment(Axis2SynapseController.java:413)
	at org.apache.synapse.ServerManager.start(ServerManager.java:182)
	at org.wso2.carbon.mediation.initializer.ServiceBusInitializer.initESB(ServiceBusInitializer.java:452)
	at org.wso2.carbon.mediation.initializer.ServiceBusInitializer.activate(ServiceBusInitializer.java:196)
	at sun.reflect.NativeMethodAccessorImpl.invoke0(Native Method)
	at sun.reflect.NativeMethodAccessorImpl.invoke(NativeMethodAccessorImpl.java:62)
	at sun.reflect.DelegatingMethodAccessorImpl.invoke(DelegatingMethodAccessorImpl.java:43)
	at java.lang.reflect.Method.invoke(Method.java:498)
	at org.eclipse.equinox.internal.ds.model.ServiceComponent.activate(ServiceComponent.java:260)
	at org.eclipse.equinox.internal.ds.model.ServiceComponentProp.activate(ServiceComponentProp.java:146)
	at org.eclipse.equinox.internal.ds.model.ServiceComponentProp.build(ServiceComponentProp.java:345)
	at org.eclipse.equinox.internal.ds.InstanceProcess.buildComponent(InstanceProcess.java:620)
	at org.eclipse.equinox.internal.ds.InstanceProcess.buildComponents(InstanceProcess.java:197)
	at org.eclipse.equinox.internal.ds.Resolver.getEligible(Resolver.java:343)
	at org.eclipse.equinox.internal.ds.SCRManager.serviceChanged(SCRManager.java:222)
	at org.eclipse.osgi.internal.serviceregistry.FilteredServiceListener.serviceChanged(FilteredServiceListener.java:107)
	at org.eclipse.osgi.framework.internal.core.BundleContextImpl.dispatchEvent(BundleContextImpl.java:861)
	at org.eclipse.osgi.framework.eventmgr.EventManager.dispatchEvent(EventManager.java:230)
	at org.eclipse.osgi.framework.eventmgr.ListenerQueue.dispatchEventSynchronous(ListenerQueue.java:148)
	at org.eclipse.osgi.internal.serviceregistry.ServiceRegistry.publishServiceEventPrivileged(ServiceRegistry.java:819)
	at org.eclipse.osgi.internal.serviceregistry.ServiceRegistry.publishServiceEvent(ServiceRegistry.java:771)
	at org.eclipse.osgi.internal.serviceregistry.ServiceRegistrationImpl.register(ServiceRegistrationImpl.java:130)
	at org.eclipse.osgi.internal.serviceregistry.ServiceRegistry.registerService(ServiceRegistry.java:214)
	at org.eclipse.osgi.framework.internal.core.BundleContextImpl.registerService(BundleContextImpl.java:433)
	at org.eclipse.osgi.framework.internal.core.BundleContextImpl.registerService(BundleContextImpl.java:451)
	at org.wso2.carbon.inbound.endpoint.persistence.service.InboundEndpointPersistenceServiceDSComponent.activate(InboundEndpointPersistenceServiceDSComponent.java:49)
	at sun.reflect.NativeMethodAccessorImpl.invoke0(Native Method)
	at sun.reflect.NativeMethodAccessorImpl.invoke(NativeMethodAccessorImpl.java:62)
	at sun.reflect.DelegatingMethodAccessorImpl.invoke(DelegatingMethodAccessorImpl.java:43)
	at java.lang.reflect.Method.invoke(Method.java:498)
	at org.eclipse.equinox.internal.ds.model.ServiceComponent.activate(ServiceComponent.java:260)
	at org.eclipse.equinox.internal.ds.model.ServiceComponentProp.activate(ServiceComponentProp.java:146)
	at org.eclipse.equinox.internal.ds.model.ServiceComponentProp.build(ServiceComponentProp.java:345)
	at org.eclipse.equinox.internal.ds.InstanceProcess.buildComponent(InstanceProcess.java:620)
	at org.eclipse.equinox.internal.ds.InstanceProcess.buildComponents(InstanceProcess.java:197)
	at org.eclipse.equinox.internal.ds.Resolver.getEligible(Resolver.java:343)
	at org.eclipse.equinox.internal.ds.SCRManager.serviceChanged(SCRManager.java:222)
	at org.eclipse.osgi.internal.serviceregistry.FilteredServiceListener.serviceChanged(FilteredServiceListener.java:107)
	at org.eclipse.osgi.framework.internal.core.BundleContextImpl.dispatchEvent(BundleContextImpl.java:861)
	at org.eclipse.osgi.framework.eventmgr.EventManager.dispatchEvent(EventManager.java:230)
	at org.eclipse.osgi.framework.eventmgr.ListenerQueue.dispatchEventSynchronous(ListenerQueue.java:148)
	at org.eclipse.osgi.internal.serviceregistry.ServiceRegistry.publishServiceEventPrivileged(ServiceRegistry.java:819)
	at org.eclipse.osgi.internal.serviceregistry.ServiceRegistry.publishServiceEvent(ServiceRegistry.java:771)
	at org.eclipse.osgi.internal.serviceregistry.ServiceRegistrationImpl.register(ServiceRegistrationImpl.java:130)
	at org.eclipse.osgi.internal.serviceregistry.ServiceRegistry.registerService(ServiceRegistry.java:214)
	at org.eclipse.osgi.framework.internal.core.BundleContextImpl.registerService(BundleContextImpl.java:433)
	at org.eclipse.osgi.framework.internal.core.BundleContextImpl.registerService(BundleContextImpl.java:451)
	at org.wso2.carbon.core.init.CarbonServerManager.initializeCarbon(CarbonServerManager.java:514)
	at org.wso2.carbon.core.init.CarbonServerManager.start(CarbonServerManager.java:219)
	at org.wso2.carbon.core.internal.CarbonCoreServiceComponent.activate(CarbonCoreServiceComponent.java:94)
	at sun.reflect.NativeMethodAccessorImpl.invoke0(Native Method)
	at sun.reflect.NativeMethodAccessorImpl.invoke(NativeMethodAccessorImpl.java:62)
	at sun.reflect.DelegatingMethodAccessorImpl.invoke(DelegatingMethodAccessorImpl.java:43)
	at java.lang.reflect.Method.invoke(Method.java:498)
	at org.eclipse.equinox.internal.ds.model.ServiceComponent.activate(ServiceComponent.java:260)
	at org.eclipse.equinox.internal.ds.model.ServiceComponentProp.activate(ServiceComponentProp.java:146)
	at org.eclipse.equinox.internal.ds.model.ServiceComponentProp.build(ServiceComponentProp.java:345)
	at org.eclipse.equinox.internal.ds.InstanceProcess.buildComponent(InstanceProcess.java:620)
	at org.eclipse.equinox.internal.ds.InstanceProcess.buildComponents(InstanceProcess.java:197)
	at org.eclipse.equinox.internal.ds.Resolver.getEligible(Resolver.java:343)
	at org.eclipse.equinox.internal.ds.SCRManager.serviceChanged(SCRManager.java:222)
	at org.eclipse.osgi.internal.serviceregistry.FilteredServiceListener.serviceChanged(FilteredServiceListener.java:107)
	at org.eclipse.osgi.framework.internal.core.BundleContextImpl.dispatchEvent(BundleContextImpl.java:861)
	at org.eclipse.osgi.framework.eventmgr.EventManager.dispatchEvent(EventManager.java:230)
	at org.eclipse.osgi.framework.eventmgr.ListenerQueue.dispatchEventSynchronous(ListenerQueue.java:148)
	at org.eclipse.osgi.internal.serviceregistry.ServiceRegistry.publishServiceEventPrivileged(ServiceRegistry.java:819)
	at org.eclipse.osgi.internal.serviceregistry.ServiceRegistry.publishServiceEvent(ServiceRegistry.java:771)
	at org.eclipse.osgi.internal.serviceregistry.ServiceRegistrationImpl.register(ServiceRegistrationImpl.java:130)
	at org.eclipse.osgi.internal.serviceregistry.ServiceRegistry.registerService(ServiceRegistry.java:214)
	at org.eclipse.osgi.framework.internal.core.BundleContextImpl.registerService(BundleContextImpl.java:433)
	at org.eclipse.equinox.http.servlet.internal.Activator.registerHttpService(Activator.java:81)
	at org.eclipse.equinox.http.servlet.internal.Activator.addProxyServlet(Activator.java:60)
	at org.eclipse.equinox.http.servlet.internal.ProxyServlet.init(ProxyServlet.java:40)
	at org.wso2.carbon.tomcat.ext.servlet.DelegationServlet.init(DelegationServlet.java:38)
	at org.apache.catalina.core.StandardWrapper.initServlet(StandardWrapper.java:1269)
	at org.apache.catalina.core.StandardWrapper.loadServlet(StandardWrapper.java:1182)
	at org.apache.catalina.core.StandardWrapper.load(StandardWrapper.java:1072)
	at org.apache.catalina.core.StandardContext.loadOnStartup(StandardContext.java:5368)
	at org.apache.catalina.core.StandardContext.startInternal(StandardContext.java:5660)
	at org.apache.catalina.util.LifecycleBase.start(LifecycleBase.java:145)
	at org.apache.catalina.core.ContainerBase$StartChild.call(ContainerBase.java:1571)
	at org.apache.catalina.core.ContainerBase$StartChild.call(ContainerBase.java:1561)
	at java.util.concurrent.FutureTask.run(FutureTask.java:266)
	at java.util.concurrent.ThreadPoolExecutor.runWorker(ThreadPoolExecutor.java:1142)
	at java.util.concurrent.ThreadPoolExecutor$Worker.run(ThreadPoolExecutor.java:617)
	at java.lang.Thread.run(Thread.java:748)
2017-11-30 14:49:16,169 [-] [localhost-startStop-1]  WARN AndesConfigurationManager Error when trying to read property : transaction/maxWaitTimeout. Switching to default value : 30
2017-11-30 14:49:16,295 [-] [localhost-startStop-1]  WARN AndesRecoveryTask Recovering node. Adding queue [DeadLetterChannel] OW=admin/X=false/Dtrue/LPT0
2017-11-30 14:49:16,404 [-] [localhost-startStop-1]  WARN QpidServiceComponent MQTT Transport is disabled as per configuration.
2017-11-30 14:49:58,407 [-] [Start Level Event Dispatcher]  WARN ValidationResultPrinter Carbon is configured to use the default keystore (wso2carbon.jks). To maximize security when deploying to a production environment, configure a new keystore with a unique password in the production server profile.
2017-11-30 14:50:34,346 [-] [localhost-startStop-1]  WARN AndesConfigurationManager Error when trying to read property : transaction/maxWaitTimeout. Switching to default value : 30
2017-11-30 14:50:34,447 [-] [localhost-startStop-1]  WARN AndesRecoveryTask Recovering node. Adding queue [DeadLetterChannel] OW=admin/X=false/Dtrue/LPT0
2017-11-30 14:50:34,531 [-] [localhost-startStop-1]  WARN QpidServiceComponent MQTT Transport is disabled as per configuration.
2017-11-30 14:50:35,309 [-] [JMSThreads7f245e84-ff36-40d1-8991-3d34fd39efa0-1]  WARN JMSUtils Cannot locate destination : throttleData
2017-11-30 14:50:47,497 [-] [HTTPS-Listener I/O dispatcher-1]  WARN AccessConfiguration Error loading properties from file: access-log.properties
2017-11-30 14:56:05,446 [-] [Start Level Event Dispatcher]  WARN ValidationResultPrinter Carbon is configured to use the default keystore (wso2carbon.jks). To maximize security when deploying to a production environment, configure a new keystore with a unique password in the production server profile.
2017-11-30 14:56:40,812 [-] [localhost-startStop-1]  WARN AndesConfigurationManager Error when trying to read property : transaction/maxWaitTimeout. Switching to default value : 30
2017-11-30 14:56:40,945 [-] [localhost-startStop-1]  WARN AndesRecoveryTask Recovering node. Adding queue [DeadLetterChannel] OW=admin/X=false/Dtrue/LPT0
2017-11-30 14:56:41,029 [-] [localhost-startStop-1]  WARN QpidServiceComponent MQTT Transport is disabled as per configuration.
2017-11-30 14:56:41,654 [-] [JMSThreadsac7152e5-9c9e-4fdb-808b-fea20c7f2425-1]  WARN JMSUtils Cannot locate destination : throttleData
2017-11-30 14:57:31,315 [-] [Start Level Event Dispatcher]  WARN ValidationResultPrinter Carbon is configured to use the default keystore (wso2carbon.jks). To maximize security when deploying to a production environment, configure a new keystore with a unique password in the production server profile.
2017-11-30 14:58:07,211 [-] [localhost-startStop-1]  WARN AndesConfigurationManager Error when trying to read property : transaction/maxWaitTimeout. Switching to default value : 30
2017-11-30 14:58:07,332 [-] [localhost-startStop-1]  WARN AndesRecoveryTask Recovering node. Adding queue [DeadLetterChannel] OW=admin/X=false/Dtrue/LPT0
2017-11-30 14:58:07,434 [-] [localhost-startStop-1]  WARN QpidServiceComponent MQTT Transport is disabled as per configuration.
2017-11-30 14:58:07,996 [-] [JMSThreads4f07ad1c-559c-4cbf-b266-26cb363da847-1]  WARN JMSUtils Cannot locate destination : throttleData
2017-11-30 15:13:29,955 [-] [HTTPS-Listener I/O dispatcher-2]  WARN AccessConfiguration Error loading properties from file: access-log.properties
2017-11-30 15:14:51,763 [-] [HTTPS-Listener I/O dispatcher-3] ERROR SourceHandler I/O error: Received fatal alert: unknown_ca
javax.net.ssl.SSLException: Received fatal alert: unknown_ca
	at sun.security.ssl.Alerts.getSSLException(Alerts.java:208)
	at sun.security.ssl.SSLEngineImpl.fatal(SSLEngineImpl.java:1666)
	at sun.security.ssl.SSLEngineImpl.fatal(SSLEngineImpl.java:1634)
	at sun.security.ssl.SSLEngineImpl.recvAlert(SSLEngineImpl.java:1800)
	at sun.security.ssl.SSLEngineImpl.readRecord(SSLEngineImpl.java:1083)
	at sun.security.ssl.SSLEngineImpl.readNetRecord(SSLEngineImpl.java:907)
	at sun.security.ssl.SSLEngineImpl.unwrap(SSLEngineImpl.java:781)
	at javax.net.ssl.SSLEngine.unwrap(SSLEngine.java:624)
	at org.apache.http.nio.reactor.ssl.SSLIOSession.doUnwrap(SSLIOSession.java:245)
	at org.apache.http.nio.reactor.ssl.SSLIOSession.doHandshake(SSLIOSession.java:280)
	at org.apache.http.nio.reactor.ssl.SSLIOSession.isAppInputReady(SSLIOSession.java:410)
	at org.apache.http.impl.nio.reactor.AbstractIODispatch.inputReady(AbstractIODispatch.java:119)
	at org.apache.http.impl.nio.reactor.BaseIOReactor.readable(BaseIOReactor.java:159)
	at org.apache.http.impl.nio.reactor.AbstractIOReactor.processEvent(AbstractIOReactor.java:338)
	at org.apache.http.impl.nio.reactor.AbstractIOReactor.processEvents(AbstractIOReactor.java:316)
	at org.apache.http.impl.nio.reactor.AbstractIOReactor.execute(AbstractIOReactor.java:277)
	at org.apache.http.impl.nio.reactor.BaseIOReactor.execute(BaseIOReactor.java:105)
	at org.apache.http.impl.nio.reactor.AbstractMultiworkerIOReactor$Worker.run(AbstractMultiworkerIOReactor.java:586)
	at java.lang.Thread.run(Thread.java:748)
2017-11-30 15:34:15,139 [-] [Start Level Event Dispatcher]  WARN ValidationResultPrinter Carbon is configured to use the default keystore (wso2carbon.jks). To maximize security when deploying to a production environment, configure a new keystore with a unique password in the production server profile.
2017-11-30 15:34:53,505 [-] [localhost-startStop-1]  WARN AndesConfigurationManager Error when trying to read property : transaction/maxWaitTimeout. Switching to default value : 30
2017-11-30 15:34:53,591 [-] [localhost-startStop-1]  WARN AndesRecoveryTask Recovering node. Adding queue [DeadLetterChannel] OW=admin/X=false/Dtrue/LPT0
2017-11-30 15:34:53,658 [-] [localhost-startStop-1]  WARN QpidServiceComponent MQTT Transport is disabled as per configuration.
2017-11-30 15:34:54,145 [-] [JMSThreadsdee4ee9e-6136-4e4a-b8a7-54ad302fa155-1]  WARN JMSUtils Cannot locate destination : throttleData
2017-11-30 15:35:30,504 [-] [HTTPS-Listener I/O dispatcher-2]  WARN AccessConfiguration Error loading properties from file: access-log.properties
2017-11-30 15:45:02,778 [-] [Start Level Event Dispatcher]  WARN ValidationResultPrinter Carbon is configured to use the default keystore (wso2carbon.jks). To maximize security when deploying to a production environment, configure a new keystore with a unique password in the production server profile.
2017-11-30 15:46:44,179 [-] [localhost-startStop-1]  WARN AndesConfigurationManager Error when trying to read property : transaction/maxWaitTimeout. Switching to default value : 30
2017-11-30 15:46:44,312 [-] [localhost-startStop-1]  WARN AndesRecoveryTask Recovering node. Adding queue [DeadLetterChannel] OW=admin/X=false/Dtrue/LPT0
2017-11-30 15:46:44,409 [-] [localhost-startStop-1]  WARN QpidServiceComponent MQTT Transport is disabled as per configuration.
2017-11-30 15:46:45,367 [-] [JMSThreadsf7d35556-de02-433a-8ee9-25b5842d6ba7-1]  WARN JMSUtils Cannot locate destination : throttleData
2017-11-30 15:48:51,668 [-] [HTTPS-Listener I/O dispatcher-2]  WARN AccessConfiguration Error loading properties from file: access-log.properties
